2025-09-22 14:06:23,944 - INFO - 开始轴承故障诊断CNN模型训练 - 12分类
2025-09-22 14:06:23,944 - INFO - 配置参数:
2025-09-22 14:06:23,945 - INFO -   数据路径: 数据集\数据集\源域数据集
2025-09-22 14:06:23,945 - INFO -   窗口大小: 4096
2025-09-22 14:06:23,945 - INFO -   重叠比例: 0.5
2025-09-22 14:06:23,945 - INFO -   批次大小: 32
2025-09-22 14:06:23,945 - INFO -   训练轮数: 50
2025-09-22 14:06:23,946 - INFO -   学习率: 0.0005
2025-09-22 14:06:23,946 - INFO -   类别数量: 11
2025-09-22 14:06:23,946 - INFO -   类别名称: ['正常', '内圈故障_0007', '内圈故障_0014', '内圈故障_0021', '内圈故障_0028', '滚动体故障_0007', '滚动体故障_0014', '滚动体故障_0021', '滚动体故障_0028', '外圈故障_0007', '外圈故障_0021']
2025-09-22 14:06:23,969 - INFO - 使用设备: cuda
2025-09-22 14:06:23,969 - INFO - 创建轴承故障诊断CNN模型...
2025-09-22 14:06:24,027 - INFO - 加载轴承振动信号数据...
2025-09-22 14:06:24,449 - INFO - 训练批次数: 57
2025-09-22 14:06:24,449 - INFO - 验证批次数: 0
2025-09-22 14:06:24,449 - INFO - 类别名称: ['正常', '内圈故障_0007', '内圈故障_0014', '内圈故障_0021', '内圈故障_0028', '滚动体故障_0007', '滚动体故障_0014', '滚动体故障_0021', '滚动体故障_0028', '外圈故障_0007', '外圈故障_0021']
2025-09-22 14:06:24,450 - INFO - 开始训练轴承故障诊断模型...
2025-09-22 14:06:27,316 - INFO - 开始训练，共 50 个epoch
2025-09-22 14:06:27,317 - INFO - 训练批次数: 57
2025-09-22 14:06:28,140 - INFO - Epoch 1/50 - 训练损失: 2.0889, 训练准确率: 25.50%
2025-09-22 14:06:28,562 - INFO - Epoch 2/50 - 训练损失: 1.3405, 训练准确率: 46.83%
2025-09-22 14:06:28,975 - INFO - Epoch 3/50 - 训练损失: 1.0052, 训练准确率: 56.72%
2025-09-22 14:06:29,369 - INFO - Epoch 4/50 - 训练损失: 0.9053, 训练准确率: 63.67%
2025-09-22 14:06:29,796 - INFO - Epoch 5/50 - 训练损失: 0.7519, 训练准确率: 67.72%
2025-09-22 14:06:30,212 - INFO - Epoch 6/50 - 训练损失: 0.6402, 训练准确率: 72.94%
2025-09-22 14:06:30,609 - INFO - Epoch 7/50 - 训练损失: 0.5273, 训练准确率: 78.89%
2025-09-22 14:06:30,994 - INFO - Epoch 8/50 - 训练损失: 0.3899, 训练准确率: 85.50%
2025-09-22 14:06:31,378 - INFO - Epoch 9/50 - 训练损失: 0.3849, 训练准确率: 87.06%
2025-09-22 14:06:31,809 - INFO - Epoch 10/50 - 训练损失: 0.4564, 训练准确率: 85.22%
2025-09-22 14:06:32,255 - INFO - Epoch 11/50 - 训练损失: 0.2594, 训练准确率: 92.00%
2025-09-22 14:06:32,714 - INFO - Epoch 12/50 - 训练损失: 0.2441, 训练准确率: 92.61%
2025-09-22 14:06:33,129 - INFO - Epoch 13/50 - 训练损失: 0.2180, 训练准确率: 93.83%
2025-09-22 14:06:33,541 - INFO - Epoch 14/50 - 训练损失: 0.2241, 训练准确率: 94.06%
2025-09-22 14:06:33,967 - INFO - Epoch 15/50 - 训练损失: 0.1412, 训练准确率: 95.78%
2025-09-22 14:06:34,371 - INFO - Epoch 16/50 - 训练损失: 0.1441, 训练准确率: 95.39%
2025-09-22 14:06:34,819 - INFO - Epoch 17/50 - 训练损失: 0.1438, 训练准确率: 94.89%
2025-09-22 14:06:35,224 - INFO - Epoch 18/50 - 训练损失: 0.0992, 训练准确率: 97.06%
2025-09-22 14:06:35,609 - INFO - Epoch 19/50 - 训练损失: 0.0999, 训练准确率: 96.72%
2025-09-22 14:06:35,984 - INFO - Epoch 20/50 - 训练损失: 0.0716, 训练准确率: 97.78%
2025-09-22 14:06:36,407 - INFO - Epoch 21/50 - 训练损失: 0.0964, 训练准确率: 96.50%
2025-09-22 14:06:36,782 - INFO - Epoch 22/50 - 训练损失: 0.1819, 训练准确率: 94.94%
2025-09-22 14:06:37,162 - INFO - Epoch 23/50 - 训练损失: 0.1140, 训练准确率: 96.28%
2025-09-22 14:06:37,536 - INFO - Epoch 24/50 - 训练损失: 0.1140, 训练准确率: 96.72%
2025-09-22 14:06:37,912 - INFO - Epoch 25/50 - 训练损失: 0.1074, 训练准确率: 97.28%
2025-09-22 14:06:38,283 - INFO - Epoch 26/50 - 训练损失: 0.1809, 训练准确率: 93.89%
2025-09-22 14:06:38,652 - INFO - Epoch 27/50 - 训练损失: 0.0769, 训练准确率: 97.78%
2025-09-22 14:06:39,029 - INFO - Epoch 28/50 - 训练损失: 0.0740, 训练准确率: 97.50%
2025-09-22 14:06:39,413 - INFO - Epoch 29/50 - 训练损失: 0.0947, 训练准确率: 96.83%
2025-09-22 14:06:39,809 - INFO - Epoch 30/50 - 训练损失: 0.0753, 训练准确率: 97.39%
2025-09-22 14:06:40,210 - INFO - Epoch 31/50 - 训练损失: 0.1299, 训练准确率: 97.50%
2025-09-22 14:06:40,668 - INFO - Epoch 32/50 - 训练损失: 0.0867, 训练准确率: 97.89%
2025-09-22 14:06:41,174 - INFO - Epoch 33/50 - 训练损失: 0.0643, 训练准确率: 97.67%
2025-09-22 14:06:41,665 - INFO - Epoch 34/50 - 训练损失: 0.0708, 训练准确率: 97.28%
2025-09-22 14:06:42,122 - INFO - Epoch 35/50 - 训练损失: 0.0660, 训练准确率: 98.17%
2025-09-22 14:06:42,527 - INFO - Epoch 36/50 - 训练损失: 0.0652, 训练准确率: 98.06%
2025-09-22 14:06:42,914 - INFO - Epoch 37/50 - 训练损失: 0.0363, 训练准确率: 99.00%
2025-09-22 14:06:43,298 - INFO - Epoch 38/50 - 训练损失: 0.0318, 训练准确率: 99.28%
2025-09-22 14:06:43,688 - INFO - Epoch 39/50 - 训练损失: 0.0887, 训练准确率: 96.89%
2025-09-22 14:06:44,095 - INFO - Epoch 40/50 - 训练损失: 0.0334, 训练准确率: 99.17%
2025-09-22 14:06:44,526 - INFO - Epoch 41/50 - 训练损失: 0.0311, 训练准确率: 99.28%
2025-09-22 14:06:44,927 - INFO - Epoch 42/50 - 训练损失: 0.0894, 训练准确率: 98.06%
2025-09-22 14:06:45,307 - INFO - Epoch 43/50 - 训练损失: 0.0743, 训练准确率: 97.72%
2025-09-22 14:06:45,686 - INFO - Epoch 44/50 - 训练损失: 0.0271, 训练准确率: 99.22%
2025-09-22 14:06:46,065 - INFO - Epoch 45/50 - 训练损失: 0.0362, 训练准确率: 99.56%
2025-09-22 14:06:46,437 - INFO - Epoch 46/50 - 训练损失: 0.0511, 训练准确率: 98.67%
2025-09-22 14:06:46,807 - INFO - Epoch 47/50 - 训练损失: 0.0565, 训练准确率: 98.61%
2025-09-22 14:06:47,209 - INFO - Epoch 48/50 - 训练损失: 0.0597, 训练准确率: 97.94%
2025-09-22 14:06:47,654 - INFO - Epoch 49/50 - 训练损失: 0.0285, 训练准确率: 99.17%
2025-09-22 14:06:48,049 - INFO - Epoch 50/50 - 训练损失: 0.0396, 训练准确率: 98.83%
2025-09-22 14:06:48,050 - INFO - 训练完成！
2025-09-22 14:06:48,915 - INFO - 训练历史图表已保存到: imgs/bearing_cnn_training_history_11class.png
2025-09-22 14:06:54,022 - INFO - 模型参数已保存为 'model/bearing_fault_cnn_11class.pth'
2025-09-22 14:06:54,028 - INFO - 完整模型已保存为 'model/bearing_fault_cnn_11class_full.pth'
2025-09-22 14:06:54,028 - INFO - 轴承故障诊断CNN模型训练完成！
2025-09-22 14:06:54,028 - INFO - 完整日志已保存到: log/training_20250922_140623.log
