2025-09-22 13:37:15,869 - INFO - 开始轴承故障诊断CNN模型训练 - 12分类
2025-09-22 13:37:15,870 - INFO - 配置参数:
2025-09-22 13:37:15,870 - INFO -   数据路径: 数据集\数据集\源域数据集
2025-09-22 13:37:15,870 - INFO -   窗口大小: 4096
2025-09-22 13:37:15,870 - INFO -   重叠比例: 0.5
2025-09-22 13:37:15,871 - INFO -   批次大小: 32
2025-09-22 13:37:15,871 - INFO -   训练轮数: 50
2025-09-22 13:37:15,871 - INFO -   学习率: 0.0005
2025-09-22 13:37:15,871 - INFO -   类别数量: 12
2025-09-22 13:37:15,871 - INFO -   类别名称: ['正常', '内圈故障_0007', '内圈故障_0014', '内圈故障_0021', '内圈故障_0028', '滚动体故障_0007', '滚动体故障_0014', '滚动体故障_0021', '滚动体故障_0028', '外圈故障_0007', '外圈故障_0014', '外圈故障_0021']
2025-09-22 13:37:15,893 - INFO - 使用设备: cuda
2025-09-22 13:37:15,894 - INFO - 创建轴承故障诊断CNN模型...
2025-09-22 13:37:15,957 - INFO - 加载轴承振动信号数据...
2025-09-22 13:37:16,372 - INFO - 训练批次数: 23
2025-09-22 13:37:16,372 - INFO - 验证批次数: 34
2025-09-22 13:37:16,374 - INFO - 类别名称: ['正常', '内圈故障_0007', '内圈故障_0014', '内圈故障_0021', '内圈故障_0028', '滚动体故障_0007', '滚动体故障_0014', '滚动体故障_0021', '滚动体故障_0028', '外圈故障_0007', '外圈故障_0021', '外圈故障_0028']
2025-09-22 13:37:16,374 - INFO - 开始训练轴承故障诊断模型...
2025-09-22 13:37:19,070 - INFO - 开始训练，共 50 个epoch
2025-09-22 13:37:19,070 - INFO - 训练批次数: 23
2025-09-22 13:37:19,070 - INFO - 验证批次数: 34
2025-09-22 13:37:19,666 - INFO - Epoch 1/50 - 训练损失: 2.3638, 训练准确率: 23.33%, 验证损失: 2.3063, 验证准确率: 32.13%
2025-09-22 13:37:19,933 - INFO - Epoch 2/50 - 训练损失: 2.0450, 训练准确率: 30.97%, 验证损失: 1.7700, 验证准确率: 42.50%
2025-09-22 13:37:20,188 - INFO - Epoch 3/50 - 训练损失: 1.5844, 训练准确率: 43.06%, 验证损失: 1.2146, 验证准确率: 40.83%
2025-09-22 13:37:20,447 - INFO - Epoch 4/50 - 训练损失: 1.2261, 训练准确率: 45.42%, 验证损失: 1.1389, 验证准确率: 56.94%
2025-09-22 13:37:20,709 - INFO - Epoch 5/50 - 训练损失: 1.0165, 训练准确率: 59.44%, 验证损失: 0.9517, 验证准确率: 59.72%
2025-09-22 13:37:20,967 - INFO - Epoch 6/50 - 训练损失: 0.8625, 训练准确率: 66.81%, 验证损失: 0.7913, 验证准确率: 66.30%
2025-09-22 13:37:21,224 - INFO - Epoch 7/50 - 训练损失: 0.7779, 训练准确率: 70.56%, 验证损失: 0.5957, 验证准确率: 85.37%
2025-09-22 13:37:21,482 - INFO - Epoch 8/50 - 训练损失: 0.6226, 训练准确率: 75.56%, 验证损失: 0.5049, 验证准确率: 87.04%
2025-09-22 13:37:21,732 - INFO - Epoch 9/50 - 训练损失: 0.6497, 训练准确率: 74.17%, 验证损失: 0.4205, 验证准确率: 81.85%
2025-09-22 13:37:21,994 - INFO - Epoch 10/50 - 训练损失: 0.5219, 训练准确率: 80.69%, 验证损失: 0.3831, 验证准确率: 87.87%
2025-09-22 13:37:22,306 - INFO - Epoch 11/50 - 训练损失: 0.4617, 训练准确率: 82.36%, 验证损失: 0.3706, 验证准确率: 83.89%
2025-09-22 13:37:22,579 - INFO - Epoch 12/50 - 训练损失: 0.4013, 训练准确率: 82.78%, 验证损失: 0.3413, 验证准确率: 88.06%
2025-09-22 13:37:22,831 - INFO - Epoch 13/50 - 训练损失: 0.3468, 训练准确率: 85.69%, 验证损失: 0.2222, 验证准确率: 93.33%
2025-09-22 13:37:23,080 - INFO - Epoch 14/50 - 训练损失: 0.3391, 训练准确率: 86.94%, 验证损失: 0.2437, 验证准确率: 89.26%
2025-09-22 13:37:23,335 - INFO - Epoch 15/50 - 训练损失: 0.2945, 训练准确率: 89.17%, 验证损失: 0.2385, 验证准确率: 93.24%
2025-09-22 13:37:23,593 - INFO - Epoch 16/50 - 训练损失: 0.2728, 训练准确率: 89.44%, 验证损失: 0.2005, 验证准确率: 89.63%
2025-09-22 13:37:23,858 - INFO - Epoch 17/50 - 训练损失: 0.3210, 训练准确率: 85.97%, 验证损失: 0.1661, 验证准确率: 95.56%
2025-09-22 13:37:24,122 - INFO - Epoch 18/50 - 训练损失: 0.2376, 训练准确率: 91.11%, 验证损失: 0.1427, 验证准确率: 94.35%
2025-09-22 13:37:24,396 - INFO - Epoch 19/50 - 训练损失: 0.2570, 训练准确率: 91.11%, 验证损失: 0.1188, 验证准确率: 97.04%
2025-09-22 13:37:24,663 - INFO - Epoch 20/50 - 训练损失: 0.2876, 训练准确率: 89.44%, 验证损失: 0.1207, 验证准确率: 98.33%
2025-09-22 13:37:24,974 - INFO - Epoch 21/50 - 训练损失: 0.2272, 训练准确率: 91.11%, 验证损失: 0.1348, 验证准确率: 95.00%
2025-09-22 13:37:25,290 - INFO - Epoch 22/50 - 训练损失: 0.1790, 训练准确率: 93.89%, 验证损失: 0.0857, 验证准确率: 98.80%
2025-09-22 13:37:25,601 - INFO - Epoch 23/50 - 训练损失: 0.1952, 训练准确率: 93.19%, 验证损失: 0.0808, 验证准确率: 97.69%
2025-09-22 13:37:25,933 - INFO - Epoch 24/50 - 训练损失: 0.2626, 训练准确率: 90.28%, 验证损失: 0.1278, 验证准确率: 96.30%
2025-09-22 13:37:26,319 - INFO - Epoch 25/50 - 训练损失: 0.2119, 训练准确率: 92.92%, 验证损失: 0.1024, 验证准确率: 96.85%
2025-09-22 13:37:26,628 - INFO - Epoch 26/50 - 训练损失: 0.1897, 训练准确率: 92.78%, 验证损失: 0.0819, 验证准确率: 98.52%
2025-09-22 13:37:26,904 - INFO - Epoch 27/50 - 训练损失: 0.1396, 训练准确率: 94.44%, 验证损失: 0.0979, 验证准确率: 97.04%
2025-09-22 13:37:27,200 - INFO - Epoch 28/50 - 训练损失: 0.0994, 训练准确率: 97.22%, 验证损失: 0.0608, 验证准确率: 98.89%
2025-09-22 13:37:27,519 - INFO - Epoch 29/50 - 训练损失: 0.1192, 训练准确率: 97.36%, 验证损失: 0.0455, 验证准确率: 99.07%
2025-09-22 13:37:27,816 - INFO - Epoch 30/50 - 训练损失: 0.0976, 训练准确率: 97.92%, 验证损失: 0.0459, 验证准确率: 99.72%
2025-09-22 13:37:28,083 - INFO - Epoch 31/50 - 训练损失: 0.1712, 训练准确率: 93.89%, 验证损失: 0.1482, 验证准确率: 93.43%
2025-09-22 13:37:28,378 - INFO - Epoch 32/50 - 训练损失: 0.1438, 训练准确率: 94.31%, 验证损失: 0.0349, 验证准确率: 99.44%
2025-09-22 13:37:28,651 - INFO - Epoch 33/50 - 训练损失: 0.1275, 训练准确率: 95.42%, 验证损失: 0.0365, 验证准确率: 99.72%
2025-09-22 13:37:28,956 - INFO - Epoch 34/50 - 训练损失: 0.1117, 训练准确率: 96.39%, 验证损失: 0.0441, 验证准确率: 98.89%
2025-09-22 13:37:29,264 - INFO - Epoch 35/50 - 训练损失: 0.0964, 训练准确率: 96.25%, 验证损失: 0.0285, 验证准确率: 99.54%
2025-09-22 13:37:29,571 - INFO - Epoch 36/50 - 训练损失: 0.1200, 训练准确率: 96.25%, 验证损失: 0.0195, 验证准确率: 99.81%
2025-09-22 13:37:29,857 - INFO - Epoch 37/50 - 训练损失: 0.1369, 训练准确率: 95.69%, 验证损失: 0.0740, 验证准确率: 98.24%
2025-09-22 13:37:30,125 - INFO - Epoch 38/50 - 训练损失: 0.1443, 训练准确率: 95.83%, 验证损失: 0.0540, 验证准确率: 98.43%
2025-09-22 13:37:30,379 - INFO - Epoch 39/50 - 训练损失: 0.1329, 训练准确率: 95.00%, 验证损失: 0.0324, 验证准确率: 99.17%
2025-09-22 13:37:30,673 - INFO - Epoch 40/50 - 训练损失: 0.0772, 训练准确率: 97.22%, 验证损失: 0.0498, 验证准确率: 98.80%
2025-09-22 13:37:30,973 - INFO - Epoch 41/50 - 训练损失: 0.0601, 训练准确率: 98.61%, 验证损失: 0.0246, 验证准确率: 99.44%
2025-09-22 13:37:31,245 - INFO - Epoch 42/50 - 训练损失: 0.0603, 训练准确率: 98.33%, 验证损失: 0.0166, 验证准确率: 99.81%
2025-09-22 13:37:31,547 - INFO - Epoch 43/50 - 训练损失: 0.0649, 训练准确率: 97.64%, 验证损失: 0.0151, 验证准确率: 99.81%
2025-09-22 13:37:31,839 - INFO - Epoch 44/50 - 训练损失: 0.0845, 训练准确率: 97.08%, 验证损失: 0.0154, 验证准确率: 99.81%
2025-09-22 13:37:32,120 - INFO - Epoch 45/50 - 训练损失: 0.1107, 训练准确率: 95.83%, 验证损失: 0.0233, 验证准确率: 99.44%
2025-09-22 13:37:32,386 - INFO - Epoch 46/50 - 训练损失: 0.0537, 训练准确率: 98.06%, 验证损失: 0.0186, 验证准确率: 99.81%
2025-09-22 13:37:32,641 - INFO - Epoch 47/50 - 训练损失: 0.0880, 训练准确率: 96.94%, 验证损失: 0.0160, 验证准确率: 99.63%
2025-09-22 13:37:32,903 - INFO - Epoch 48/50 - 训练损失: 0.1345, 训练准确率: 94.72%, 验证损失: 0.0253, 验证准确率: 99.54%
2025-09-22 13:37:33,179 - INFO - Epoch 49/50 - 训练损失: 0.0933, 训练准确率: 97.08%, 验证损失: 0.0228, 验证准确率: 99.26%
2025-09-22 13:37:33,454 - INFO - Epoch 50/50 - 训练损失: 0.0923, 训练准确率: 97.08%, 验证损失: 0.0184, 验证准确率: 99.72%
2025-09-22 13:37:33,455 - INFO - 训练完成！
2025-09-22 13:37:34,364 - INFO - 训练历史图表已保存到: imgs/bearing_cnn_training_history_12class.png
2025-09-22 13:37:37,771 - INFO - 开始验证集详细分类评估
2025-09-22 13:37:37,887 - INFO - 评估完成 - 损失: 0.0184, 准确率: 99.72%
2025-09-22 13:37:39,429 - INFO - 混淆矩阵已保存到: imgs/confusion_matrix_12class.png
2025-09-22 13:38:03,657 - INFO - 模型参数已保存为 'model/bearing_fault_cnn_12class.pth'
2025-09-22 13:38:03,663 - INFO - 完整模型已保存为 'model/bearing_fault_cnn_12class_full.pth'
2025-09-22 13:38:03,663 - INFO - 轴承故障诊断CNN模型训练完成！
2025-09-22 13:38:03,663 - INFO - 完整日志已保存到: log/training_20250922_133715.log
