2025-09-22 14:04:46,236 - INFO - 开始轴承故障诊断CNN模型训练 - 12分类
2025-09-22 14:04:46,236 - INFO - 配置参数:
2025-09-22 14:04:46,236 - INFO -   数据路径: 数据集\数据集\源域数据集
2025-09-22 14:04:46,236 - INFO -   窗口大小: 4096
2025-09-22 14:04:46,236 - INFO -   重叠比例: 0.5
2025-09-22 14:04:46,236 - INFO -   批次大小: 32
2025-09-22 14:04:46,236 - INFO -   训练轮数: 50
2025-09-22 14:04:46,237 - INFO -   学习率: 0.0005
2025-09-22 14:04:46,237 - INFO -   类别数量: 11
2025-09-22 14:04:46,237 - INFO -   类别名称: ['正常', '内圈故障_0007', '内圈故障_0014', '内圈故障_0021', '内圈故障_0028', '滚动体故障_0007', '滚动体故障_0014', '滚动体故障_0021', '滚动体故障_0028', '外圈故障_0007', '外圈故障_0021']
2025-09-22 14:04:46,262 - INFO - 使用设备: cuda
2025-09-22 14:04:46,262 - INFO - 创建轴承故障诊断CNN模型...
2025-09-22 14:04:46,320 - INFO - 加载轴承振动信号数据...
2025-09-22 14:04:46,736 - INFO - 训练批次数: 57
2025-09-22 14:04:46,736 - INFO - 验证批次数: 0
2025-09-22 14:04:46,736 - INFO - 类别名称: ['正常', '内圈故障_0007', '内圈故障_0014', '内圈故障_0021', '内圈故障_0028', '滚动体故障_0007', '滚动体故障_0014', '滚动体故障_0021', '滚动体故障_0028', '外圈故障_0007', '外圈故障_0021']
2025-09-22 14:04:46,736 - INFO - 开始训练轴承故障诊断模型...
2025-09-22 14:04:49,930 - INFO - 开始训练，共 50 个epoch
2025-09-22 14:04:49,931 - INFO - 训练批次数: 57
2025-09-22 14:04:50,829 - INFO - Epoch 1/50 - 训练损失: 2.0170, 训练准确率: 29.83%
2025-09-22 14:04:51,447 - INFO - Epoch 2/50 - 训练损失: 1.1844, 训练准确率: 48.44%
2025-09-22 14:04:52,026 - INFO - Epoch 3/50 - 训练损失: 0.9024, 训练准确率: 60.67%
2025-09-22 14:04:52,602 - INFO - Epoch 4/50 - 训练损失: 0.6176, 训练准确率: 75.22%
2025-09-22 14:04:53,137 - INFO - Epoch 5/50 - 训练损失: 0.5454, 训练准确率: 79.06%
2025-09-22 14:04:53,613 - INFO - Epoch 6/50 - 训练损失: 0.3879, 训练准确率: 86.56%
2025-09-22 14:04:54,024 - INFO - Epoch 7/50 - 训练损失: 0.3738, 训练准确率: 84.94%
2025-09-22 14:04:54,413 - INFO - Epoch 8/50 - 训练损失: 0.3214, 训练准确率: 87.44%
2025-09-22 14:04:54,825 - INFO - Epoch 9/50 - 训练损失: 0.2573, 训练准确率: 91.28%
2025-09-22 14:04:55,223 - INFO - Epoch 10/50 - 训练损失: 0.2120, 训练准确率: 93.67%
2025-09-22 14:04:55,617 - INFO - Epoch 11/50 - 训练损失: 0.2998, 训练准确率: 89.89%
2025-09-22 14:04:56,009 - INFO - Epoch 12/50 - 训练损失: 0.1841, 训练准确率: 94.33%
2025-09-22 14:04:56,399 - INFO - Epoch 13/50 - 训练损失: 0.1530, 训练准确率: 95.83%
2025-09-22 14:04:56,778 - INFO - Epoch 14/50 - 训练损失: 0.1331, 训练准确率: 95.94%
2025-09-22 14:04:57,206 - INFO - Epoch 15/50 - 训练损失: 0.1207, 训练准确率: 95.89%
2025-09-22 14:04:57,603 - INFO - Epoch 16/50 - 训练损失: 0.1352, 训练准确率: 95.78%
2025-09-22 14:04:57,968 - INFO - Epoch 17/50 - 训练损失: 0.0733, 训练准确率: 97.89%
2025-09-22 14:04:58,344 - INFO - Epoch 18/50 - 训练损失: 0.1151, 训练准确率: 96.17%
2025-09-22 14:04:58,718 - INFO - Epoch 19/50 - 训练损失: 0.0887, 训练准确率: 97.22%
2025-09-22 14:04:59,102 - INFO - Epoch 20/50 - 训练损失: 0.0731, 训练准确率: 97.67%
2025-09-22 14:04:59,487 - INFO - Epoch 21/50 - 训练损失: 0.0705, 训练准确率: 97.67%
2025-09-22 14:04:59,869 - INFO - Epoch 22/50 - 训练损失: 0.0819, 训练准确率: 97.39%
2025-09-22 14:05:00,254 - INFO - Epoch 23/50 - 训练损失: 0.0491, 训练准确率: 98.50%
2025-09-22 14:05:00,627 - INFO - Epoch 24/50 - 训练损失: 0.0866, 训练准确率: 97.39%
2025-09-22 14:05:01,009 - INFO - Epoch 25/50 - 训练损失: 0.0997, 训练准确率: 98.39%
2025-09-22 14:05:01,382 - INFO - Epoch 26/50 - 训练损失: 0.1775, 训练准确率: 95.94%
2025-09-22 14:05:01,764 - INFO - Epoch 27/50 - 训练损失: 0.0955, 训练准确率: 96.72%
2025-09-22 14:05:02,207 - INFO - Epoch 28/50 - 训练损失: 0.0581, 训练准确率: 98.33%
2025-09-22 14:05:02,656 - INFO - Epoch 29/50 - 训练损失: 0.1043, 训练准确率: 96.56%
2025-09-22 14:05:03,060 - INFO - Epoch 30/50 - 训练损失: 0.1475, 训练准确率: 96.28%
2025-09-22 14:05:03,453 - INFO - Epoch 31/50 - 训练损失: 0.1001, 训练准确率: 96.22%
2025-09-22 14:05:03,840 - INFO - Epoch 32/50 - 训练损失: 0.0880, 训练准确率: 97.33%
2025-09-22 14:05:04,237 - INFO - Epoch 33/50 - 训练损失: 0.0641, 训练准确率: 97.89%
2025-09-22 14:05:04,625 - INFO - Epoch 34/50 - 训练损失: 0.0481, 训练准确率: 98.89%
2025-09-22 14:05:05,005 - INFO - Epoch 35/50 - 训练损失: 0.0473, 训练准确率: 98.72%
2025-09-22 14:05:05,390 - INFO - Epoch 36/50 - 训练损失: 0.0365, 训练准确率: 98.78%
2025-09-22 14:05:05,789 - INFO - Epoch 37/50 - 训练损失: 0.0612, 训练准确率: 98.28%
2025-09-22 14:05:06,186 - INFO - Epoch 38/50 - 训练损失: 0.0889, 训练准确率: 96.72%
2025-09-22 14:05:06,574 - INFO - Epoch 39/50 - 训练损失: 0.0443, 训练准确率: 98.61%
2025-09-22 14:05:06,967 - INFO - Epoch 40/50 - 训练损失: 0.1027, 训练准确率: 98.39%
2025-09-22 14:05:07,386 - INFO - Epoch 41/50 - 训练损失: 0.0626, 训练准确率: 98.06%
2025-09-22 14:05:07,775 - INFO - Epoch 42/50 - 训练损失: 0.0467, 训练准确率: 98.33%
2025-09-22 14:05:08,161 - INFO - Epoch 43/50 - 训练损失: 0.1028, 训练准确率: 98.33%
2025-09-22 14:05:08,546 - INFO - Epoch 44/50 - 训练损失: 0.0739, 训练准确率: 97.56%
2025-09-22 14:05:08,931 - INFO - Epoch 45/50 - 训练损失: 0.0266, 训练准确率: 99.39%
2025-09-22 14:05:09,318 - INFO - Epoch 46/50 - 训练损失: 0.0502, 训练准确率: 98.78%
2025-09-22 14:05:09,708 - INFO - Epoch 47/50 - 训练损失: 0.0542, 训练准确率: 99.06%
2025-09-22 14:05:10,084 - INFO - Epoch 48/50 - 训练损失: 0.0998, 训练准确率: 98.17%
2025-09-22 14:05:10,469 - INFO - Epoch 49/50 - 训练损失: 0.0865, 训练准确率: 97.39%
2025-09-22 14:05:10,845 - INFO - Epoch 50/50 - 训练损失: 0.0635, 训练准确率: 98.17%
2025-09-22 14:05:10,846 - INFO - 训练完成！
2025-09-22 14:05:11,775 - INFO - 训练历史图表已保存到: imgs/bearing_cnn_training_history_11class.png
2025-09-22 14:05:13,782 - INFO - 模型参数已保存为 'model/bearing_fault_cnn_11class.pth'
2025-09-22 14:05:13,789 - INFO - 完整模型已保存为 'model/bearing_fault_cnn_11class_full.pth'
2025-09-22 14:05:13,789 - INFO - 轴承故障诊断CNN模型训练完成！
2025-09-22 14:05:13,789 - INFO - 完整日志已保存到: log/training_20250922_140446.log
