2025-09-22 14:00:09,163 - INFO - 开始轴承故障诊断CNN模型训练 - 12分类
2025-09-22 14:00:09,164 - INFO - 配置参数:
2025-09-22 14:00:09,164 - INFO -   数据路径: 数据集\数据集\源域数据集
2025-09-22 14:00:09,164 - INFO -   窗口大小: 4096
2025-09-22 14:00:09,164 - INFO -   重叠比例: 0.5
2025-09-22 14:00:09,165 - INFO -   批次大小: 32
2025-09-22 14:00:09,165 - INFO -   训练轮数: 50
2025-09-22 14:00:09,165 - INFO -   学习率: 0.0005
2025-09-22 14:00:09,165 - INFO -   类别数量: 11
2025-09-22 14:00:09,165 - INFO -   类别名称: ['正常', '内圈故障_0007', '内圈故障_0014', '内圈故障_0021', '内圈故障_0028', '滚动体故障_0007', '滚动体故障_0014', '滚动体故障_0021', '滚动体故障_0028', '外圈故障_0007', '外圈故障_0021']
2025-09-22 14:00:09,211 - INFO - 使用设备: cuda
2025-09-22 14:00:09,211 - INFO - 创建轴承故障诊断CNN模型...
2025-09-22 14:00:09,283 - INFO - 加载轴承振动信号数据...
2025-09-22 14:00:09,742 - INFO - 训练批次数: 23
2025-09-22 14:00:09,742 - INFO - 验证批次数: 34
2025-09-22 14:00:09,742 - INFO - 类别名称: ['正常', '内圈故障_0007', '内圈故障_0014', '内圈故障_0021', '内圈故障_0028', '滚动体故障_0007', '滚动体故障_0014', '滚动体故障_0021', '滚动体故障_0028', '外圈故障_0007', '外圈故障_0021']
2025-09-22 14:00:09,742 - INFO - 开始训练轴承故障诊断模型...
2025-09-22 14:00:12,817 - INFO - 开始训练，共 50 个epoch
2025-09-22 14:00:12,818 - INFO - 训练批次数: 23
2025-09-22 14:00:12,818 - INFO - 验证批次数: 34
2025-09-22 14:00:13,537 - INFO - Epoch 1/50 - 训练损失: 2.2909, 训练准确率: 26.67%, 验证损失: 2.1725, 验证准确率: 24.07%
2025-09-22 14:00:13,875 - INFO - Epoch 2/50 - 训练损失: 1.9422, 训练准确率: 32.78%, 验证损失: 1.7776, 验证准确率: 33.80%
2025-09-22 14:00:14,200 - INFO - Epoch 3/50 - 训练损失: 1.5960, 训练准确率: 42.36%, 验证损失: 1.4344, 验证准确率: 42.41%
2025-09-22 14:00:14,509 - INFO - Epoch 4/50 - 训练损失: 1.3437, 训练准确率: 46.94%, 验证损失: 1.1389, 验证准确率: 57.87%
2025-09-22 14:00:14,842 - INFO - Epoch 5/50 - 训练损失: 1.0664, 训练准确率: 56.11%, 验证损失: 0.9494, 验证准确率: 58.43%
2025-09-22 14:00:15,113 - INFO - Epoch 6/50 - 训练损失: 0.9328, 训练准确率: 61.11%, 验证损失: 0.8546, 验证准确率: 52.87%
2025-09-22 14:00:15,384 - INFO - Epoch 7/50 - 训练损失: 0.7982, 训练准确率: 66.67%, 验证损失: 0.6884, 验证准确率: 62.78%
2025-09-22 14:00:15,670 - INFO - Epoch 8/50 - 训练损失: 0.6654, 训练准确率: 73.89%, 验证损失: 0.5964, 验证准确率: 74.26%
2025-09-22 14:00:15,955 - INFO - Epoch 9/50 - 训练损失: 0.6513, 训练准确率: 74.44%, 验证损失: 0.5781, 验证准确率: 71.57%
2025-09-22 14:00:16,234 - INFO - Epoch 10/50 - 训练损失: 0.5872, 训练准确率: 75.97%, 验证损失: 0.4150, 验证准确率: 95.09%
2025-09-22 14:00:16,517 - INFO - Epoch 11/50 - 训练损失: 0.4720, 训练准确率: 83.47%, 验证损失: 0.3914, 验证准确率: 92.69%
2025-09-22 14:00:16,804 - INFO - Epoch 12/50 - 训练损失: 0.4357, 训练准确率: 86.25%, 验证损失: 0.2764, 验证准确率: 94.63%
2025-09-22 14:00:17,155 - INFO - Epoch 13/50 - 训练损失: 0.3784, 训练准确率: 84.31%, 验证损失: 0.2626, 验证准确率: 91.39%
2025-09-22 14:00:17,517 - INFO - Epoch 14/50 - 训练损失: 0.4142, 训练准确率: 85.00%, 验证损失: 0.2708, 验证准确率: 91.94%
2025-09-22 14:00:17,847 - INFO - Epoch 15/50 - 训练损失: 0.2952, 训练准确率: 91.11%, 验证损失: 0.2278, 验证准确率: 95.09%
2025-09-22 14:00:18,161 - INFO - Epoch 16/50 - 训练损失: 0.2995, 训练准确率: 90.97%, 验证损失: 0.1700, 验证准确率: 97.04%
2025-09-22 14:00:18,531 - INFO - Epoch 17/50 - 训练损失: 0.2873, 训练准确率: 90.42%, 验证损失: 0.1714, 验证准确率: 94.44%
2025-09-22 14:00:18,840 - INFO - Epoch 18/50 - 训练损失: 0.2755, 训练准确率: 91.11%, 验证损失: 0.2333, 验证准确率: 91.94%
2025-09-22 14:00:19,141 - INFO - Epoch 19/50 - 训练损失: 0.2449, 训练准确率: 91.53%, 验证损失: 0.1465, 验证准确率: 94.26%
2025-09-22 14:00:19,445 - INFO - Epoch 20/50 - 训练损失: 0.2192, 训练准确率: 92.22%, 验证损失: 0.1315, 验证准确率: 97.59%
2025-09-22 14:00:19,752 - INFO - Epoch 21/50 - 训练损失: 0.1852, 训练准确率: 94.03%, 验证损失: 0.0940, 验证准确率: 98.33%
2025-09-22 14:00:20,069 - INFO - Epoch 22/50 - 训练损失: 0.1825, 训练准确率: 94.58%, 验证损失: 0.0947, 验证准确率: 96.85%
2025-09-22 14:00:20,359 - INFO - Epoch 23/50 - 训练损失: 0.1283, 训练准确率: 97.08%, 验证损失: 0.1017, 验证准确率: 96.11%
2025-09-22 14:00:20,663 - INFO - Epoch 24/50 - 训练损失: 0.1901, 训练准确率: 92.36%, 验证损失: 0.1015, 验证准确率: 95.93%
2025-09-22 14:00:20,946 - INFO - Epoch 25/50 - 训练损失: 0.2251, 训练准确率: 91.81%, 验证损失: 0.1099, 验证准确率: 97.69%
2025-09-22 14:00:21,216 - INFO - Epoch 26/50 - 训练损失: 0.1955, 训练准确率: 93.61%, 验证损失: 0.4119, 验证准确率: 87.96%
2025-09-22 14:00:21,471 - INFO - Epoch 27/50 - 训练损失: 0.1671, 训练准确率: 95.14%, 验证损失: 0.0932, 验证准确率: 97.69%
2025-09-22 14:00:21,727 - INFO - Epoch 28/50 - 训练损失: 0.1403, 训练准确率: 95.14%, 验证损失: 0.0740, 验证准确率: 98.15%
2025-09-22 14:00:21,981 - INFO - Epoch 29/50 - 训练损失: 0.1358, 训练准确率: 95.83%, 验证损失: 0.0831, 验证准确率: 97.31%
2025-09-22 14:00:22,231 - INFO - Epoch 30/50 - 训练损失: 0.1541, 训练准确率: 94.44%, 验证损失: 0.0772, 验证准确率: 97.59%
2025-09-22 14:00:22,524 - INFO - Epoch 31/50 - 训练损失: 0.1170, 训练准确率: 95.83%, 验证损失: 0.0601, 验证准确率: 98.06%
2025-09-22 14:00:22,808 - INFO - Epoch 32/50 - 训练损失: 0.1266, 训练准确率: 95.14%, 验证损失: 0.0691, 验证准确率: 98.06%
2025-09-22 14:00:23,065 - INFO - Epoch 33/50 - 训练损失: 0.1290, 训练准确率: 95.56%, 验证损失: 0.0557, 验证准确率: 98.52%
2025-09-22 14:00:23,324 - INFO - Epoch 34/50 - 训练损失: 0.1757, 训练准确率: 92.78%, 验证损失: 0.0727, 验证准确率: 98.24%
2025-09-22 14:00:23,583 - INFO - Epoch 35/50 - 训练损失: 0.1216, 训练准确率: 95.83%, 验证损失: 0.0585, 验证准确率: 98.24%
2025-09-22 14:00:23,850 - INFO - Epoch 36/50 - 训练损失: 0.1290, 训练准确率: 96.94%, 验证损失: 0.0607, 验证准确率: 98.52%
2025-09-22 14:00:24,103 - INFO - Epoch 37/50 - 训练损失: 0.1386, 训练准确率: 95.14%, 验证损失: 0.0659, 验证准确率: 97.22%
2025-09-22 14:00:24,401 - INFO - Epoch 38/50 - 训练损失: 0.1277, 训练准确率: 95.97%, 验证损失: 0.0912, 验证准确率: 97.41%
2025-09-22 14:00:24,711 - INFO - Epoch 39/50 - 训练损失: 0.0974, 训练准确率: 97.08%, 验证损失: 0.0566, 验证准确率: 97.87%
2025-09-22 14:00:25,016 - INFO - Epoch 40/50 - 训练损失: 0.0980, 训练准确率: 96.11%, 验证损失: 0.0469, 验证准确率: 98.89%
2025-09-22 14:00:25,317 - INFO - Epoch 41/50 - 训练损失: 0.1071, 训练准确率: 96.25%, 验证损失: 0.0415, 验证准确率: 98.80%
2025-09-22 14:00:25,586 - INFO - Epoch 42/50 - 训练损失: 0.0653, 训练准确率: 97.92%, 验证损失: 0.0446, 验证准确率: 98.80%
2025-09-22 14:00:25,847 - INFO - Epoch 43/50 - 训练损失: 0.1087, 训练准确率: 96.81%, 验证损失: 0.0591, 验证准确率: 98.43%
2025-09-22 14:00:26,138 - INFO - Epoch 44/50 - 训练损失: 0.0908, 训练准确率: 97.08%, 验证损失: 0.0545, 验证准确率: 98.33%
2025-09-22 14:00:26,415 - INFO - Epoch 45/50 - 训练损失: 0.0745, 训练准确率: 97.22%, 验证损失: 0.0462, 验证准确率: 98.98%
2025-09-22 14:00:26,677 - INFO - Epoch 46/50 - 训练损失: 0.0705, 训练准确率: 96.67%, 验证损失: 0.0555, 验证准确率: 97.69%
2025-09-22 14:00:26,950 - INFO - Epoch 47/50 - 训练损失: 0.1120, 训练准确率: 97.92%, 验证损失: 0.0466, 验证准确率: 98.52%
2025-09-22 14:00:27,211 - INFO - Epoch 48/50 - 训练损失: 0.0846, 训练准确率: 97.92%, 验证损失: 0.0313, 验证准确率: 98.98%
2025-09-22 14:00:27,523 - INFO - Epoch 49/50 - 训练损失: 0.0636, 训练准确率: 98.06%, 验证损失: 0.0386, 验证准确率: 98.98%
2025-09-22 14:00:27,805 - INFO - Epoch 50/50 - 训练损失: 0.0593, 训练准确率: 98.33%, 验证损失: 0.0319, 验证准确率: 99.07%
2025-09-22 14:00:27,807 - INFO - 训练完成！
2025-09-22 14:00:28,808 - INFO - 训练历史图表已保存到: imgs/bearing_cnn_training_history_11class.png
2025-09-22 14:00:32,810 - INFO - 开始验证集详细分类评估
2025-09-22 14:00:32,926 - INFO - 评估完成 - 损失: 0.0319, 准确率: 99.07%
2025-09-22 14:00:34,446 - INFO - 混淆矩阵已保存到: imgs/confusion_matrix_11class.png
2025-09-22 14:00:53,379 - INFO - 模型参数已保存为 'model/bearing_fault_cnn_11class.pth'
2025-09-22 14:00:53,387 - INFO - 完整模型已保存为 'model/bearing_fault_cnn_11class_full.pth'
2025-09-22 14:00:53,387 - INFO - 轴承故障诊断CNN模型训练完成！
2025-09-22 14:00:53,387 - INFO - 完整日志已保存到: log/training_20250922_140009.log
