2025-09-22 15:20:11,920 - INFO - 开始轴承故障诊断CNN模型训练 - 12分类
2025-09-22 15:20:11,920 - INFO - 配置参数:
2025-09-22 15:20:11,920 - INFO -   数据路径: 数据集\数据集\源域数据集
2025-09-22 15:20:11,921 - INFO -   窗口大小: 4096
2025-09-22 15:20:11,921 - INFO -   重叠比例: 0.5
2025-09-22 15:20:11,921 - INFO -   批次大小: 32
2025-09-22 15:20:11,921 - INFO -   训练轮数: 50
2025-09-22 15:20:11,922 - INFO -   学习率: 0.0005
2025-09-22 15:20:11,922 - INFO -   类别数量: 11
2025-09-22 15:20:11,923 - INFO -   类别名称: ['正常', '内圈故障_0007', '内圈故障_0014', '内圈故障_0021', '内圈故障_0028', '滚动体故障_0007', '滚动体故障_0014', '滚动体故障_0021', '滚动体故障_0028', '外圈故障_0007', '外圈故障_0021']
2025-09-22 15:20:11,948 - INFO - 使用设备: cuda
2025-09-22 15:20:11,949 - INFO - 创建轴承故障诊断CNN模型...
2025-09-22 15:20:12,007 - INFO - 加载轴承振动信号数据...
2025-09-22 15:20:12,424 - INFO - 训练批次数: 6
2025-09-22 15:20:12,425 - INFO - 验证批次数: 51
2025-09-22 15:20:12,425 - INFO - 类别名称: ['正常', '内圈故障_0007', '内圈故障_0014', '内圈故障_0021', '内圈故障_0028', '滚动体故障_0007', '滚动体故障_0014', '滚动体故障_0021', '滚动体故障_0028', '外圈故障_0007', '外圈故障_0021']
2025-09-22 15:20:12,425 - INFO - 开始训练轴承故障诊断模型...
2025-09-22 15:20:15,467 - INFO - 开始训练，共 50 个epoch
2025-09-22 15:20:15,467 - INFO - 训练批次数: 6
2025-09-22 15:20:15,468 - INFO - 验证批次数: 51
2025-09-22 15:20:16,074 - INFO - Epoch 1/50 - 训练损失: 2.3781, 训练准确率: 17.78%, 验证损失: 2.3637, 验证准确率: 18.70%
2025-09-22 15:20:16,288 - INFO - Epoch 2/50 - 训练损失: 2.3184, 训练准确率: 29.44%, 验证损失: 2.3073, 验证准确率: 26.23%
2025-09-22 15:20:16,512 - INFO - Epoch 3/50 - 训练损失: 2.2417, 训练准确率: 31.67%, 验证损失: 2.2353, 验证准确率: 28.89%
2025-09-22 15:20:16,724 - INFO - Epoch 4/50 - 训练损失: 2.1526, 训练准确率: 31.11%, 验证损失: 2.1776, 验证准确率: 29.44%
2025-09-22 15:20:16,929 - INFO - Epoch 5/50 - 训练损失: 2.0910, 训练准确率: 27.22%, 验证损失: 2.0927, 验证准确率: 30.49%
2025-09-22 15:20:17,145 - INFO - Epoch 6/50 - 训练损失: 2.0196, 训练准确率: 31.67%, 验证损失: 1.9929, 验证准确率: 29.44%
2025-09-22 15:20:17,345 - INFO - Epoch 7/50 - 训练损失: 1.9257, 训练准确率: 36.11%, 验证损失: 1.9082, 验证准确率: 29.44%
2025-09-22 15:20:17,565 - INFO - Epoch 8/50 - 训练损失: 1.8244, 训练准确率: 37.78%, 验证损失: 1.7824, 验证准确率: 37.72%
2025-09-22 15:20:17,767 - INFO - Epoch 9/50 - 训练损失: 1.7033, 训练准确率: 41.11%, 验证损失: 1.6451, 验证准确率: 39.51%
2025-09-22 15:20:17,981 - INFO - Epoch 10/50 - 训练损失: 1.5958, 训练准确率: 40.56%, 验证损失: 1.5131, 验证准确率: 39.51%
2025-09-22 15:20:18,200 - INFO - Epoch 11/50 - 训练损失: 1.4638, 训练准确率: 41.67%, 验证损失: 1.4384, 验证准确率: 39.51%
2025-09-22 15:20:18,426 - INFO - Epoch 12/50 - 训练损失: 1.3958, 训练准确率: 42.78%, 验证损失: 1.3608, 验证准确率: 39.51%
2025-09-22 15:20:18,682 - INFO - Epoch 13/50 - 训练损失: 1.2950, 训练准确率: 43.89%, 验证损失: 1.2944, 验证准确率: 39.51%
2025-09-22 15:20:18,950 - INFO - Epoch 14/50 - 训练损失: 1.2395, 训练准确率: 44.44%, 验证损失: 1.2572, 验证准确率: 39.51%
2025-09-22 15:20:19,222 - INFO - Epoch 15/50 - 训练损失: 1.1705, 训练准确率: 43.89%, 验证损失: 1.2086, 验证准确率: 40.31%
2025-09-22 15:20:19,503 - INFO - Epoch 16/50 - 训练损失: 1.1878, 训练准确率: 46.11%, 验证损失: 1.1475, 验证准确率: 49.63%
2025-09-22 15:20:19,770 - INFO - Epoch 17/50 - 训练损失: 1.0698, 训练准确率: 52.78%, 验证损失: 1.0898, 验证准确率: 50.74%
2025-09-22 15:20:20,032 - INFO - Epoch 18/50 - 训练损失: 1.0523, 训练准确率: 54.44%, 验证损失: 1.0172, 验证准确率: 54.14%
2025-09-22 15:20:20,273 - INFO - Epoch 19/50 - 训练损失: 0.9580, 训练准确率: 56.67%, 验证损失: 0.9781, 验证准确率: 55.49%
2025-09-22 15:20:20,500 - INFO - Epoch 20/50 - 训练损失: 1.0474, 训练准确率: 54.44%, 验证损失: 0.9357, 验证准确率: 56.91%
2025-09-22 15:20:20,710 - INFO - Epoch 21/50 - 训练损失: 0.9856, 训练准确率: 57.22%, 验证损失: 0.9133, 验证准确率: 56.05%
2025-09-22 15:20:20,910 - INFO - Epoch 22/50 - 训练损失: 0.8767, 训练准确率: 62.78%, 验证损失: 0.8074, 验证准确率: 62.10%
2025-09-22 15:20:21,117 - INFO - Epoch 23/50 - 训练损失: 0.9332, 训练准确率: 61.67%, 验证损失: 0.8379, 验证准确率: 60.06%
2025-09-22 15:20:21,324 - INFO - Epoch 24/50 - 训练损失: 0.8652, 训练准确率: 63.33%, 验证损失: 0.8687, 验证准确率: 59.38%
2025-09-22 15:20:21,527 - INFO - Epoch 25/50 - 训练损失: 0.8199, 训练准确率: 63.89%, 验证损失: 0.7468, 验证准确率: 63.70%
2025-09-22 15:20:21,744 - INFO - Epoch 26/50 - 训练损失: 0.7845, 训练准确率: 67.78%, 验证损失: 0.6873, 验证准确率: 72.72%
2025-09-22 15:20:21,954 - INFO - Epoch 27/50 - 训练损失: 0.7963, 训练准确率: 69.44%, 验证损失: 0.6897, 验证准确率: 74.26%
2025-09-22 15:20:22,158 - INFO - Epoch 28/50 - 训练损失: 0.7356, 训练准确率: 67.78%, 验证损失: 0.6415, 验证准确率: 75.93%
2025-09-22 15:20:22,386 - INFO - Epoch 29/50 - 训练损失: 0.7842, 训练准确率: 67.78%, 验证损失: 0.6142, 验证准确率: 76.36%
2025-09-22 15:20:22,610 - INFO - Epoch 30/50 - 训练损失: 0.6585, 训练准确率: 74.44%, 验证损失: 0.6533, 验证准确率: 82.53%
2025-09-22 15:20:22,816 - INFO - Epoch 31/50 - 训练损失: 0.6185, 训练准确率: 79.44%, 验证损失: 0.5939, 验证准确率: 83.70%
2025-09-22 15:20:23,009 - INFO - Epoch 32/50 - 训练损失: 0.7886, 训练准确率: 70.00%, 验证损失: 0.5451, 验证准确率: 80.12%
2025-09-22 15:20:23,198 - INFO - Epoch 33/50 - 训练损失: 0.8987, 训练准确率: 66.11%, 验证损失: 0.4935, 验证准确率: 82.28%
2025-09-22 15:20:23,388 - INFO - Epoch 34/50 - 训练损失: 0.5793, 训练准确率: 79.44%, 验证损失: 0.5163, 验证准确率: 84.44%
2025-09-22 15:20:23,582 - INFO - Epoch 35/50 - 训练损失: 0.6422, 训练准确率: 77.22%, 验证损失: 0.4274, 验证准确率: 85.56%
2025-09-22 15:20:23,785 - INFO - Epoch 36/50 - 训练损失: 0.5357, 训练准确率: 81.11%, 验证损失: 0.4165, 验证准确率: 85.37%
2025-09-22 15:20:23,986 - INFO - Epoch 37/50 - 训练损失: 0.5558, 训练准确率: 80.56%, 验证损失: 0.3998, 验证准确率: 88.89%
2025-09-22 15:20:24,182 - INFO - Epoch 38/50 - 训练损失: 0.5001, 训练准确率: 82.22%, 验证损失: 0.4008, 验证准确率: 89.01%
2025-09-22 15:20:24,393 - INFO - Epoch 39/50 - 训练损失: 0.4458, 训练准确率: 83.33%, 验证损失: 0.3759, 验证准确率: 89.01%
2025-09-22 15:20:24,597 - INFO - Epoch 40/50 - 训练损失: 0.4846, 训练准确率: 81.11%, 验证损失: 0.3745, 验证准确率: 88.09%
2025-09-22 15:20:24,796 - INFO - Epoch 41/50 - 训练损失: 0.3822, 训练准确率: 85.00%, 验证损失: 0.3438, 验证准确率: 88.58%
2025-09-22 15:20:25,002 - INFO - Epoch 42/50 - 训练损失: 0.4067, 训练准确率: 84.44%, 验证损失: 0.3013, 验证准确率: 89.69%
2025-09-22 15:20:25,203 - INFO - Epoch 43/50 - 训练损失: 0.4308, 训练准确率: 82.22%, 验证损失: 0.3100, 验证准确率: 89.51%
2025-09-22 15:20:25,401 - INFO - Epoch 44/50 - 训练损失: 0.4450, 训练准确率: 81.67%, 验证损失: 0.3389, 验证准确率: 87.28%
2025-09-22 15:20:25,601 - INFO - Epoch 45/50 - 训练损失: 0.4169, 训练准确率: 82.22%, 验证损失: 0.2820, 验证准确率: 88.33%
2025-09-22 15:20:25,800 - INFO - Epoch 46/50 - 训练损失: 0.4128, 训练准确率: 86.67%, 验证损失: 0.3101, 验证准确率: 88.46%
2025-09-22 15:20:26,004 - INFO - Epoch 47/50 - 训练损失: 0.4760, 训练准确率: 80.56%, 验证损失: 0.4033, 验证准确率: 82.96%
2025-09-22 15:20:26,208 - INFO - Epoch 48/50 - 训练损失: 0.3835, 训练准确率: 84.44%, 验证损失: 0.3150, 验证准确率: 87.96%
2025-09-22 15:20:26,462 - INFO - Epoch 49/50 - 训练损失: 0.3100, 训练准确率: 88.89%, 验证损失: 0.3085, 验证准确率: 88.15%
2025-09-22 15:20:26,735 - INFO - Epoch 50/50 - 训练损失: 0.3158, 训练准确率: 86.67%, 验证损失: 0.2673, 验证准确率: 88.83%
2025-09-22 15:20:26,737 - INFO - 训练完成！
2025-09-22 15:20:27,865 - INFO - 训练历史图表已保存到: imgs/bearing_cnn_training_history_11class.png
2025-09-22 15:20:31,358 - INFO - 开始验证集详细分类评估
2025-09-22 15:20:31,553 - INFO - 评估完成 - 损失: 0.2673, 准确率: 88.83%
2025-09-22 15:20:33,245 - INFO - 混淆矩阵已保存到: imgs/confusion_matrix_11class.png
2025-09-22 15:20:46,761 - INFO - 模型参数已保存为 'model/bearing_fault_cnn_11class.pth'
2025-09-22 15:20:46,768 - INFO - 完整模型已保存为 'model/bearing_fault_cnn_11class_full.pth'
2025-09-22 15:20:46,768 - INFO - 轴承故障诊断CNN模型训练完成！
2025-09-22 15:20:46,768 - INFO - 完整日志已保存到: log/training_20250922_152011.log
