2025-09-22 06:02:28,445 - INFO - 开始轴承故障诊断CNN模型训练 - 12分类
2025-09-22 06:02:28,445 - INFO - 配置参数:
2025-09-22 06:02:28,445 - INFO -   数据路径: 数据集\数据集\源域数据集
2025-09-22 06:02:28,445 - INFO -   窗口大小: 4096
2025-09-22 06:02:28,446 - INFO -   重叠比例: 0.5
2025-09-22 06:02:28,446 - INFO -   批次大小: 32
2025-09-22 06:02:28,446 - INFO -   训练轮数: 50
2025-09-22 06:02:28,446 - INFO -   学习率: 0.0005
2025-09-22 06:02:28,447 - INFO -   类别数量: 12
2025-09-22 06:02:28,447 - INFO -   类别名称: ['正常', '内圈故障_0007', '内圈故障_0014', '内圈故障_0021', '内圈故障_0028', '滚动体故障_0007', '滚动体故障_0014', '滚动体故障_0021', '滚动体故障_0028', '外圈故障_0007', '外圈故障_0014', '外圈故障_0021']
2025-09-22 06:02:28,469 - INFO - 使用设备: cuda
2025-09-22 06:02:28,469 - INFO - 创建轴承故障诊断CNN模型...
2025-09-22 06:02:28,529 - INFO - 加载轴承振动信号数据...
2025-09-22 06:02:29,034 - INFO - 训练批次数: 57
2025-09-22 06:02:29,036 - INFO - 验证批次数: 0
2025-09-22 06:02:29,036 - INFO - 类别名称: ['正常', '内圈故障_0007', '内圈故障_0014', '内圈故障_0021', '内圈故障_0028', '滚动体故障_0007', '滚动体故障_0014', '滚动体故障_0021', '滚动体故障_0028', '外圈故障_0007', '外圈故障_0021', '外圈故障_0028']
2025-09-22 06:02:29,036 - INFO - 开始训练轴承故障诊断模型...
2025-09-22 06:02:32,179 - INFO - 开始训练，共 50 个epoch
2025-09-22 06:02:32,179 - INFO - 训练批次数: 57
2025-09-22 06:02:32,890 - INFO - Epoch 1/50 - 训练损失: 2.0491, 训练准确率: 31.11%
2025-09-22 06:02:33,304 - INFO - Epoch 2/50 - 训练损失: 1.2860, 训练准确率: 44.17%
2025-09-22 06:02:33,730 - INFO - Epoch 3/50 - 训练损失: 1.0053, 训练准确率: 55.17%
2025-09-22 06:02:34,158 - INFO - Epoch 4/50 - 训练损失: 0.8531, 训练准确率: 64.61%
2025-09-22 06:02:34,693 - INFO - Epoch 5/50 - 训练损失: 0.7438, 训练准确率: 70.72%
2025-09-22 06:02:35,220 - INFO - Epoch 6/50 - 训练损失: 0.5968, 训练准确率: 75.50%
2025-09-22 06:02:35,629 - INFO - Epoch 7/50 - 训练损失: 0.4829, 训练准确率: 80.28%
2025-09-22 06:02:36,031 - INFO - Epoch 8/50 - 训练损失: 0.3952, 训练准确率: 84.61%
2025-09-22 06:02:36,445 - INFO - Epoch 9/50 - 训练损失: 0.3434, 训练准确率: 87.67%
2025-09-22 06:02:36,899 - INFO - Epoch 10/50 - 训练损失: 0.2445, 训练准确率: 90.72%
2025-09-22 06:02:37,366 - INFO - Epoch 11/50 - 训练损失: 0.1700, 训练准确率: 94.67%
2025-09-22 06:02:37,874 - INFO - Epoch 12/50 - 训练损失: 0.1660, 训练准确率: 94.22%
2025-09-22 06:02:38,358 - INFO - Epoch 13/50 - 训练损失: 0.2365, 训练准确率: 93.50%
2025-09-22 06:02:38,838 - INFO - Epoch 14/50 - 训练损失: 0.1240, 训练准确率: 96.17%
2025-09-22 06:02:39,305 - INFO - Epoch 15/50 - 训练损失: 0.1682, 训练准确率: 95.89%
2025-09-22 06:02:39,755 - INFO - Epoch 16/50 - 训练损失: 0.2825, 训练准确率: 92.94%
2025-09-22 06:02:40,291 - INFO - Epoch 17/50 - 训练损失: 0.1326, 训练准确率: 96.06%
2025-09-22 06:02:40,822 - INFO - Epoch 18/50 - 训练损失: 0.1534, 训练准确率: 94.67%
2025-09-22 06:02:41,306 - INFO - Epoch 19/50 - 训练损失: 0.1898, 训练准确率: 94.33%
2025-09-22 06:02:41,802 - INFO - Epoch 20/50 - 训练损失: 0.1232, 训练准确率: 96.17%
2025-09-22 06:02:42,257 - INFO - Epoch 21/50 - 训练损失: 0.1103, 训练准确率: 96.50%
2025-09-22 06:02:42,667 - INFO - Epoch 22/50 - 训练损失: 0.1024, 训练准确率: 97.39%
2025-09-22 06:02:43,064 - INFO - Epoch 23/50 - 训练损失: 0.1083, 训练准确率: 96.39%
2025-09-22 06:02:43,468 - INFO - Epoch 24/50 - 训练损失: 0.0774, 训练准确率: 97.72%
2025-09-22 06:02:43,874 - INFO - Epoch 25/50 - 训练损失: 0.0866, 训练准确率: 97.89%
2025-09-22 06:02:44,287 - INFO - Epoch 26/50 - 训练损失: 0.0585, 训练准确率: 98.17%
2025-09-22 06:02:44,683 - INFO - Epoch 27/50 - 训练损失: 0.0660, 训练准确率: 98.00%
2025-09-22 06:02:45,067 - INFO - Epoch 28/50 - 训练损失: 0.1078, 训练准确率: 97.44%
2025-09-22 06:02:45,487 - INFO - Epoch 29/50 - 训练损失: 0.0879, 训练准确率: 96.94%
2025-09-22 06:02:45,941 - INFO - Epoch 30/50 - 训练损失: 0.0500, 训练准确率: 99.00%
2025-09-22 06:02:46,378 - INFO - Epoch 31/50 - 训练损失: 0.0630, 训练准确率: 98.00%
2025-09-22 06:02:46,872 - INFO - Epoch 32/50 - 训练损失: 0.0402, 训练准确率: 98.56%
2025-09-22 06:02:47,364 - INFO - Epoch 33/50 - 训练损失: 0.0707, 训练准确率: 97.78%
2025-09-22 06:02:47,825 - INFO - Epoch 34/50 - 训练损失: 0.1387, 训练准确率: 95.50%
2025-09-22 06:02:48,257 - INFO - Epoch 35/50 - 训练损失: 0.0580, 训练准确率: 98.33%
2025-09-22 06:02:48,658 - INFO - Epoch 36/50 - 训练损失: 0.0429, 训练准确率: 98.39%
2025-09-22 06:02:49,049 - INFO - Epoch 37/50 - 训练损失: 0.0403, 训练准确率: 98.83%
2025-09-22 06:02:49,506 - INFO - Epoch 38/50 - 训练损失: 0.0338, 训练准确率: 98.67%
2025-09-22 06:02:50,102 - INFO - Epoch 39/50 - 训练损失: 0.0432, 训练准确率: 98.50%
2025-09-22 06:02:50,606 - INFO - Epoch 40/50 - 训练损失: 0.0387, 训练准确率: 98.89%
2025-09-22 06:02:51,060 - INFO - Epoch 41/50 - 训练损失: 0.0518, 训练准确率: 98.33%
2025-09-22 06:02:51,494 - INFO - Epoch 42/50 - 训练损失: 0.0402, 训练准确率: 98.61%
2025-09-22 06:02:51,894 - INFO - Epoch 43/50 - 训练损失: 0.0411, 训练准确率: 98.78%
2025-09-22 06:02:52,303 - INFO - Epoch 44/50 - 训练损失: 0.0295, 训练准确率: 99.17%
2025-09-22 06:02:52,739 - INFO - Epoch 45/50 - 训练损失: 0.0170, 训练准确率: 99.67%
2025-09-22 06:02:53,156 - INFO - Epoch 46/50 - 训练损失: 0.0431, 训练准确率: 99.22%
2025-09-22 06:02:53,549 - INFO - Epoch 47/50 - 训练损失: 0.0417, 训练准确率: 99.06%
2025-09-22 06:02:53,923 - INFO - Epoch 48/50 - 训练损失: 0.0386, 训练准确率: 98.56%
2025-09-22 06:02:54,346 - INFO - Epoch 49/50 - 训练损失: 0.0240, 训练准确率: 99.17%
2025-09-22 06:02:54,803 - INFO - Epoch 50/50 - 训练损失: 0.0267, 训练准确率: 99.06%
2025-09-22 06:02:54,804 - INFO - 训练完成！
2025-09-22 06:02:55,747 - INFO - 训练历史图表已保存到: imgs/bearing_cnn_training_history_12class.png
2025-09-22 06:03:00,292 - INFO - 模型参数已保存为 'model/bearing_fault_cnn_12class.pth'
2025-09-22 06:03:00,298 - INFO - 完整模型已保存为 'model/bearing_fault_cnn_12class_full.pth'
2025-09-22 06:03:00,298 - INFO - 轴承故障诊断CNN模型训练完成！
2025-09-22 06:03:00,299 - INFO - 完整日志已保存到: log/training_20250922_060228.log
