2025-09-22 05:49:24,903 - INFO - 开始轴承故障诊断CNN模型训练 - 12分类
2025-09-22 05:49:24,903 - INFO - 配置参数:
2025-09-22 05:49:24,903 - INFO -   数据路径: 数据集\数据集\源域数据集
2025-09-22 05:49:24,903 - INFO -   窗口大小: 4096
2025-09-22 05:49:24,904 - INFO -   重叠比例: 0.5
2025-09-22 05:49:24,904 - INFO -   批次大小: 32
2025-09-22 05:49:24,904 - INFO -   训练轮数: 50
2025-09-22 05:49:24,904 - INFO -   学习率: 0.001
2025-09-22 05:49:24,905 - INFO -   类别数量: 12
2025-09-22 05:49:24,905 - INFO -   类别名称: ['正常', '内圈故障_0007', '内圈故障_0014', '内圈故障_0021', '内圈故障_0028', '滚动体故障_0007', '滚动体故障_0014', '滚动体故障_0021', '滚动体故障_0028', '外圈故障_0007', '外圈故障_0014', '外圈故障_0021']
2025-09-22 05:49:24,927 - INFO - 使用设备: cuda
2025-09-22 05:49:24,928 - INFO - 创建轴承故障诊断CNN模型...
2025-09-22 05:49:24,989 - INFO - 加载轴承振动信号数据...
2025-09-22 05:49:25,405 - INFO - 训练批次数: 51
2025-09-22 05:49:25,405 - INFO - 验证批次数: 6
2025-09-22 05:49:25,405 - INFO - 类别名称: ['正常', '内圈故障_0007', '内圈故障_0014', '内圈故障_0021', '内圈故障_0028', '滚动体故障_0007', '滚动体故障_0014', '滚动体故障_0021', '滚动体故障_0028', '外圈故障_0007', '外圈故障_0021', '外圈故障_0028']
2025-09-22 05:49:25,405 - INFO - 开始训练轴承故障诊断模型...
2025-09-22 05:49:28,678 - INFO - 开始训练，共 50 个epoch
2025-09-22 05:49:28,679 - INFO - 训练批次数: 51
2025-09-22 05:49:28,679 - INFO - 验证批次数: 6
2025-09-22 05:49:29,411 - INFO - Epoch 1/50 - 训练损失: 1.9381, 训练准确率: 24.75%, 验证损失: 1.4465, 验证准确率: 40.00%
2025-09-22 05:49:29,807 - INFO - Epoch 2/50 - 训练损失: 1.2661, 训练准确率: 49.20%, 验证损失: 0.9566, 验证准确率: 58.33%
2025-09-22 05:49:30,185 - INFO - Epoch 3/50 - 训练损失: 0.8930, 训练准确率: 60.12%, 验证损失: 0.8593, 验证准确率: 58.89%
2025-09-22 05:49:30,588 - INFO - Epoch 4/50 - 训练损失: 0.7461, 训练准确率: 67.47%, 验证损失: 0.5352, 验证准确率: 75.00%
2025-09-22 05:49:31,047 - INFO - Epoch 5/50 - 训练损失: 0.5328, 训练准确率: 78.15%, 验证损失: 0.3193, 验证准确率: 91.67%
2025-09-22 05:49:31,449 - INFO - Epoch 6/50 - 训练损失: 0.3831, 训练准确率: 86.11%, 验证损失: 0.2069, 验证准确率: 93.89%
2025-09-22 05:49:31,825 - INFO - Epoch 7/50 - 训练损失: 0.3394, 训练准确率: 87.35%, 验证损失: 0.1404, 验证准确率: 100.00%
2025-09-22 05:49:32,266 - INFO - Epoch 8/50 - 训练损失: 0.2647, 训练准确率: 89.69%, 验证损失: 0.1186, 验证准确率: 97.78%
2025-09-22 05:49:32,668 - INFO - Epoch 9/50 - 训练损失: 0.2624, 训练准确率: 92.53%, 验证损失: 0.1970, 验证准确率: 91.67%
2025-09-22 05:49:33,055 - INFO - Epoch 10/50 - 训练损失: 0.1953, 训练准确率: 93.46%, 验证损失: 0.0387, 验证准确率: 100.00%
2025-09-22 05:49:33,420 - INFO - Epoch 11/50 - 训练损失: 0.1446, 训练准确率: 94.88%, 验证损失: 0.0472, 验证准确率: 100.00%
2025-09-22 05:49:33,818 - INFO - Epoch 12/50 - 训练损失: 0.1076, 训练准确率: 96.79%, 验证损失: 0.0170, 验证准确率: 100.00%
2025-09-22 05:49:34,315 - INFO - Epoch 13/50 - 训练损失: 0.1089, 训练准确率: 96.36%, 验证损失: 0.0116, 验证准确率: 100.00%
2025-09-22 05:49:34,795 - INFO - Epoch 14/50 - 训练损失: 0.1302, 训练准确率: 94.94%, 验证损失: 0.1132, 验证准确率: 95.56%
2025-09-22 05:49:35,236 - INFO - Epoch 15/50 - 训练损失: 0.1459, 训练准确率: 94.51%, 验证损失: 0.0187, 验证准确率: 100.00%
2025-09-22 05:49:35,670 - INFO - Epoch 16/50 - 训练损失: 0.0912, 训练准确率: 96.73%, 验证损失: 0.0240, 验证准确率: 100.00%
2025-09-22 05:49:36,091 - INFO - Epoch 17/50 - 训练损失: 0.0774, 训练准确率: 97.41%, 验证损失: 0.0103, 验证准确率: 100.00%
2025-09-22 05:49:36,491 - INFO - Epoch 18/50 - 训练损失: 0.0751, 训练准确率: 97.53%, 验证损失: 0.0179, 验证准确率: 100.00%
2025-09-22 05:49:36,974 - INFO - Epoch 19/50 - 训练损失: 0.0944, 训练准确率: 96.23%, 验证损失: 0.0092, 验证准确率: 100.00%
2025-09-22 05:49:37,406 - INFO - Epoch 20/50 - 训练损失: 0.0558, 训练准确率: 98.15%, 验证损失: 0.0067, 验证准确率: 100.00%
2025-09-22 05:49:37,885 - INFO - Epoch 21/50 - 训练损失: 0.0702, 训练准确率: 97.47%, 验证损失: 0.0041, 验证准确率: 100.00%
2025-09-22 05:49:38,342 - INFO - Epoch 22/50 - 训练损失: 0.0625, 训练准确率: 98.02%, 验证损失: 0.0164, 验证准确率: 99.44%
2025-09-22 05:49:38,782 - INFO - Epoch 23/50 - 训练损失: 0.0690, 训练准确率: 97.47%, 验证损失: 0.0073, 验证准确率: 100.00%
2025-09-22 05:49:39,189 - INFO - Epoch 24/50 - 训练损失: 0.1067, 训练准确率: 96.60%, 验证损失: 0.0259, 验证准确率: 98.89%
2025-09-22 05:49:39,632 - INFO - Epoch 25/50 - 训练损失: 0.0735, 训练准确率: 98.09%, 验证损失: 0.0065, 验证准确率: 100.00%
2025-09-22 05:49:40,104 - INFO - Epoch 26/50 - 训练损失: 0.0675, 训练准确率: 97.78%, 验证损失: 0.0041, 验证准确率: 100.00%
2025-09-22 05:49:40,518 - INFO - Epoch 27/50 - 训练损失: 0.0799, 训练准确率: 97.47%, 验证损失: 0.0464, 验证准确率: 99.44%
2025-09-22 05:49:40,899 - INFO - Epoch 28/50 - 训练损失: 0.0587, 训练准确率: 98.27%, 验证损失: 0.0033, 验证准确率: 100.00%
2025-09-22 05:49:41,282 - INFO - Epoch 29/50 - 训练损失: 0.0607, 训练准确率: 98.02%, 验证损失: 0.0088, 验证准确率: 100.00%
2025-09-22 05:49:41,655 - INFO - Epoch 30/50 - 训练损失: 0.0877, 训练准确率: 98.21%, 验证损失: 0.0033, 验证准确率: 100.00%
2025-09-22 05:49:42,023 - INFO - Epoch 31/50 - 训练损失: 0.0940, 训练准确率: 97.78%, 验证损失: 0.0400, 验证准确率: 98.89%
2025-09-22 05:49:42,388 - INFO - Epoch 32/50 - 训练损失: 0.0860, 训练准确率: 97.72%, 验证损失: 0.0031, 验证准确率: 100.00%
2025-09-22 05:49:42,756 - INFO - Epoch 33/50 - 训练损失: 0.0781, 训练准确率: 97.41%, 验证损失: 0.0063, 验证准确率: 100.00%
2025-09-22 05:49:43,128 - INFO - Epoch 34/50 - 训练损失: 0.0572, 训练准确率: 98.09%, 验证损失: 0.0020, 验证准确率: 100.00%
2025-09-22 05:49:43,501 - INFO - Epoch 35/50 - 训练损失: 0.0416, 训练准确率: 98.58%, 验证损失: 0.0022, 验证准确率: 100.00%
2025-09-22 05:49:43,870 - INFO - Epoch 36/50 - 训练损失: 0.0305, 训练准确率: 98.70%, 验证损失: 0.0011, 验证准确率: 100.00%
2025-09-22 05:49:44,245 - INFO - Epoch 37/50 - 训练损失: 0.0448, 训练准确率: 98.70%, 验证损失: 0.0157, 验证准确率: 99.44%
2025-09-22 05:49:44,643 - INFO - Epoch 38/50 - 训练损失: 0.0374, 训练准确率: 98.77%, 验证损失: 0.0031, 验证准确率: 100.00%
2025-09-22 05:49:45,011 - INFO - Epoch 39/50 - 训练损失: 0.0395, 训练准确率: 98.58%, 验证损失: 0.0010, 验证准确率: 100.00%
2025-09-22 05:49:45,393 - INFO - Epoch 40/50 - 训练损失: 0.0496, 训练准确率: 98.52%, 验证损失: 0.0033, 验证准确率: 100.00%
2025-09-22 05:49:45,799 - INFO - Epoch 41/50 - 训练损失: 0.0358, 训练准确率: 98.52%, 验证损失: 0.0019, 验证准确率: 100.00%
2025-09-22 05:49:46,219 - INFO - Epoch 42/50 - 训练损失: 0.0334, 训练准确率: 98.89%, 验证损失: 0.0004, 验证准确率: 100.00%
2025-09-22 05:49:46,623 - INFO - Epoch 43/50 - 训练损失: 0.0473, 训练准确率: 98.46%, 验证损失: 0.0011, 验证准确率: 100.00%
2025-09-22 05:49:47,174 - INFO - Epoch 44/50 - 训练损失: 0.0652, 训练准确率: 98.21%, 验证损失: 0.1396, 验证准确率: 95.56%
2025-09-22 05:49:47,653 - INFO - Epoch 45/50 - 训练损失: 0.0577, 训练准确率: 98.40%, 验证损失: 0.0020, 验证准确率: 100.00%
2025-09-22 05:49:48,063 - INFO - Epoch 46/50 - 训练损失: 0.0208, 训练准确率: 99.26%, 验证损失: 0.0016, 验证准确率: 100.00%
2025-09-22 05:49:48,470 - INFO - Epoch 47/50 - 训练损失: 0.0212, 训练准确率: 99.32%, 验证损失: 0.0017, 验证准确率: 100.00%
2025-09-22 05:49:48,875 - INFO - Epoch 48/50 - 训练损失: 0.0322, 训练准确率: 98.89%, 验证损失: 0.0003, 验证准确率: 100.00%
2025-09-22 05:49:49,295 - INFO - Epoch 49/50 - 训练损失: 0.0442, 训练准确率: 98.64%, 验证损失: 0.1104, 验证准确率: 98.33%
2025-09-22 05:49:49,733 - INFO - Epoch 50/50 - 训练损失: 0.0413, 训练准确率: 99.01%, 验证损失: 0.0018, 验证准确率: 100.00%
2025-09-22 05:49:49,735 - INFO - 训练完成！
2025-09-22 05:49:51,186 - INFO - 训练历史图表已保存到: imgs/bearing_cnn_training_history_12class.png
2025-09-22 05:49:53,732 - INFO - 开始验证集详细分类评估
2025-09-22 05:49:53,754 - INFO - 评估完成 - 损失: 0.0018, 准确率: 100.00%
2025-09-22 05:49:55,316 - INFO - 混淆矩阵已保存到: imgs/confusion_matrix_12class.png
2025-09-22 05:49:58,897 - INFO - 模型参数已保存为 'model/bearing_fault_cnn_12class.pth'
2025-09-22 05:49:58,908 - INFO - 完整模型已保存为 'model/bearing_fault_cnn_12class_full.pth'
2025-09-22 05:49:58,908 - INFO - 轴承故障诊断CNN模型训练完成！
2025-09-22 05:49:58,908 - INFO - 完整日志已保存到: log/training_20250922_054924.log
