2025-09-22 05:52:12,670 - INFO - 开始轴承故障诊断CNN模型训练 - 12分类
2025-09-22 05:52:12,670 - INFO - 配置参数:
2025-09-22 05:52:12,670 - INFO -   数据路径: 数据集\数据集\源域数据集
2025-09-22 05:52:12,670 - INFO -   窗口大小: 4096
2025-09-22 05:52:12,670 - INFO -   重叠比例: 0.5
2025-09-22 05:52:12,671 - INFO -   批次大小: 32
2025-09-22 05:52:12,671 - INFO -   训练轮数: 50
2025-09-22 05:52:12,671 - INFO -   学习率: 0.0005
2025-09-22 05:52:12,671 - INFO -   类别数量: 12
2025-09-22 05:52:12,671 - INFO -   类别名称: ['正常', '内圈故障_0007', '内圈故障_0014', '内圈故障_0021', '内圈故障_0028', '滚动体故障_0007', '滚动体故障_0014', '滚动体故障_0021', '滚动体故障_0028', '外圈故障_0007', '外圈故障_0014', '外圈故障_0021']
2025-09-22 05:52:12,702 - INFO - 使用设备: cuda
2025-09-22 05:52:12,702 - INFO - 创建轴承故障诊断CNN模型...
2025-09-22 05:52:12,773 - INFO - 加载轴承振动信号数据...
2025-09-22 05:52:13,247 - INFO - 训练批次数: 34
2025-09-22 05:52:13,247 - INFO - 验证批次数: 23
2025-09-22 05:52:13,247 - INFO - 类别名称: ['正常', '内圈故障_0007', '内圈故障_0014', '内圈故障_0021', '内圈故障_0028', '滚动体故障_0007', '滚动体故障_0014', '滚动体故障_0021', '滚动体故障_0028', '外圈故障_0007', '外圈故障_0021', '外圈故障_0028']
2025-09-22 05:52:13,248 - INFO - 开始训练轴承故障诊断模型...
2025-09-22 05:52:16,763 - INFO - 开始训练，共 50 个epoch
2025-09-22 05:52:16,763 - INFO - 训练批次数: 34
2025-09-22 05:52:16,763 - INFO - 验证批次数: 23
2025-09-22 05:52:17,565 - INFO - Epoch 1/50 - 训练损失: 2.2985, 训练准确率: 23.98%, 验证损失: 2.0694, 验证准确率: 32.78%
2025-09-22 05:52:17,943 - INFO - Epoch 2/50 - 训练损失: 1.7658, 训练准确率: 35.19%, 验证损失: 1.3349, 验证准确率: 48.89%
2025-09-22 05:52:18,327 - INFO - Epoch 3/50 - 训练损失: 1.2501, 训练准确率: 46.48%, 验证损失: 1.1675, 验证准确率: 41.67%
2025-09-22 05:52:18,714 - INFO - Epoch 4/50 - 训练损失: 1.0408, 训练准确率: 55.46%, 验证损失: 0.9000, 验证准确率: 62.22%
2025-09-22 05:52:19,073 - INFO - Epoch 5/50 - 训练损失: 0.9901, 训练准确率: 59.44%, 验证损失: 0.8206, 验证准确率: 72.08%
2025-09-22 05:52:19,460 - INFO - Epoch 6/50 - 训练损失: 0.8484, 训练准确率: 64.07%, 验证损失: 0.7245, 验证准确率: 74.31%
2025-09-22 05:52:19,839 - INFO - Epoch 7/50 - 训练损失: 0.7769, 训练准确率: 69.07%, 验证损失: 0.5732, 验证准确率: 86.94%
2025-09-22 05:52:20,191 - INFO - Epoch 8/50 - 训练损失: 0.5993, 训练准确率: 77.41%, 验证损失: 0.4811, 验证准确率: 87.64%
2025-09-22 05:52:20,550 - INFO - Epoch 9/50 - 训练损失: 0.5022, 训练准确率: 83.15%, 验证损失: 0.3976, 验证准确率: 88.61%
2025-09-22 05:52:20,938 - INFO - Epoch 10/50 - 训练损失: 0.3717, 训练准确率: 87.78%, 验证损失: 0.2302, 验证准确率: 95.56%
2025-09-22 05:52:21,309 - INFO - Epoch 11/50 - 训练损失: 0.3869, 训练准确率: 85.46%, 验证损失: 0.2194, 验证准确率: 96.94%
2025-09-22 05:52:21,766 - INFO - Epoch 12/50 - 训练损失: 0.3471, 训练准确率: 87.13%, 验证损失: 0.2278, 验证准确率: 95.56%
2025-09-22 05:52:22,165 - INFO - Epoch 13/50 - 训练损失: 0.2607, 训练准确率: 92.50%, 验证损失: 0.1322, 验证准确率: 98.47%
2025-09-22 05:52:22,537 - INFO - Epoch 14/50 - 训练损失: 0.2283, 训练准确率: 92.13%, 验证损失: 0.2066, 验证准确率: 95.14%
2025-09-22 05:52:22,891 - INFO - Epoch 15/50 - 训练损失: 0.2198, 训练准确率: 92.13%, 验证损失: 0.0931, 验证准确率: 98.33%
2025-09-22 05:52:23,244 - INFO - Epoch 16/50 - 训练损失: 0.1858, 训练准确率: 93.98%, 验证损失: 0.1092, 验证准确率: 97.78%
2025-09-22 05:52:23,591 - INFO - Epoch 17/50 - 训练损失: 0.1804, 训练准确率: 93.89%, 验证损失: 0.0952, 验证准确率: 97.64%
2025-09-22 05:52:23,976 - INFO - Epoch 18/50 - 训练损失: 0.1667, 训练准确率: 93.80%, 验证损失: 0.0728, 验证准确率: 98.33%
2025-09-22 05:52:24,325 - INFO - Epoch 19/50 - 训练损失: 0.1381, 训练准确率: 95.93%, 验证损失: 0.0538, 验证准确率: 99.03%
2025-09-22 05:52:24,660 - INFO - Epoch 20/50 - 训练损失: 0.1963, 训练准确率: 93.06%, 验证损失: 0.1226, 验证准确率: 97.78%
2025-09-22 05:52:24,986 - INFO - Epoch 21/50 - 训练损失: 0.2444, 训练准确率: 91.30%, 验证损失: 0.1104, 验证准确率: 97.22%
2025-09-22 05:52:25,341 - INFO - Epoch 22/50 - 训练损失: 0.1231, 训练准确率: 96.02%, 验证损失: 0.0624, 验证准确率: 98.33%
2025-09-22 05:52:25,697 - INFO - Epoch 23/50 - 训练损失: 0.1066, 训练准确率: 96.20%, 验证损失: 0.0529, 验证准确率: 98.89%
2025-09-22 05:52:26,048 - INFO - Epoch 24/50 - 训练损失: 0.2113, 训练准确率: 93.24%, 验证损失: 0.0508, 验证准确率: 98.75%
2025-09-22 05:52:26,420 - INFO - Epoch 25/50 - 训练损失: 0.1428, 训练准确率: 96.30%, 验证损失: 0.0491, 验证准确率: 99.03%
2025-09-22 05:52:26,780 - INFO - Epoch 26/50 - 训练损失: 0.1464, 训练准确率: 94.07%, 验证损失: 0.0697, 验证准确率: 98.33%
2025-09-22 05:52:27,125 - INFO - Epoch 27/50 - 训练损失: 0.1864, 训练准确率: 93.06%, 验证损失: 0.1245, 验证准确率: 95.83%
2025-09-22 05:52:27,473 - INFO - Epoch 28/50 - 训练损失: 0.1370, 训练准确率: 95.37%, 验证损失: 0.0633, 验证准确率: 98.89%
2025-09-22 05:52:27,819 - INFO - Epoch 29/50 - 训练损失: 0.1138, 训练准确率: 96.76%, 验证损失: 0.0426, 验证准确率: 98.75%
2025-09-22 05:52:28,160 - INFO - Epoch 30/50 - 训练损失: 0.0889, 训练准确率: 97.04%, 验证损失: 0.0418, 验证准确率: 98.75%
2025-09-22 05:52:28,518 - INFO - Epoch 31/50 - 训练损失: 0.0790, 训练准确率: 97.31%, 验证损失: 0.0360, 验证准确率: 99.17%
2025-09-22 05:52:28,856 - INFO - Epoch 32/50 - 训练损失: 0.1190, 训练准确率: 96.48%, 验证损失: 0.0356, 验证准确率: 99.31%
2025-09-22 05:52:29,225 - INFO - Epoch 33/50 - 训练损失: 0.1055, 训练准确率: 96.11%, 验证损失: 0.0290, 验证准确率: 99.58%
2025-09-22 05:52:29,647 - INFO - Epoch 34/50 - 训练损失: 0.0819, 训练准确率: 97.50%, 验证损失: 0.0238, 验证准确率: 99.58%
2025-09-22 05:52:30,062 - INFO - Epoch 35/50 - 训练损失: 0.0736, 训练准确率: 97.22%, 验证损失: 0.0347, 验证准确率: 99.03%
2025-09-22 05:52:30,465 - INFO - Epoch 36/50 - 训练损失: 0.0736, 训练准确率: 97.78%, 验证损失: 0.0412, 验证准确率: 98.47%
2025-09-22 05:52:30,845 - INFO - Epoch 37/50 - 训练损失: 0.1184, 训练准确率: 96.30%, 验证损失: 0.0369, 验证准确率: 98.89%
2025-09-22 05:52:31,215 - INFO - Epoch 38/50 - 训练损失: 0.0756, 训练准确率: 97.78%, 验证损失: 0.0373, 验证准确率: 98.75%
2025-09-22 05:52:31,596 - INFO - Epoch 39/50 - 训练损失: 0.0784, 训练准确率: 97.04%, 验证损失: 0.0212, 验证准确率: 99.44%
2025-09-22 05:52:31,940 - INFO - Epoch 40/50 - 训练损失: 0.0775, 训练准确率: 97.78%, 验证损失: 0.0183, 验证准确率: 99.58%
2025-09-22 05:52:32,295 - INFO - Epoch 41/50 - 训练损失: 0.0743, 训练准确率: 97.87%, 验证损失: 0.0283, 验证准确率: 99.44%
2025-09-22 05:52:32,637 - INFO - Epoch 42/50 - 训练损失: 0.0690, 训练准确率: 97.96%, 验证损失: 0.0193, 验证准确率: 99.58%
2025-09-22 05:52:33,060 - INFO - Epoch 43/50 - 训练损失: 0.0544, 训练准确率: 98.15%, 验证损失: 0.0195, 验证准确率: 99.44%
2025-09-22 05:52:33,455 - INFO - Epoch 44/50 - 训练损失: 0.0602, 训练准确率: 98.33%, 验证损失: 0.0281, 验证准确率: 99.17%
2025-09-22 05:52:33,813 - INFO - Epoch 45/50 - 训练损失: 0.0515, 训练准确率: 98.33%, 验证损失: 0.0174, 验证准确率: 99.58%
2025-09-22 05:52:34,171 - INFO - Epoch 46/50 - 训练损失: 0.0334, 训练准确率: 99.35%, 验证损失: 0.0198, 验证准确率: 99.58%
2025-09-22 05:52:34,558 - INFO - Epoch 47/50 - 训练损失: 0.0422, 训练准确率: 98.98%, 验证损失: 0.0111, 验证准确率: 99.58%
2025-09-22 05:52:34,942 - INFO - Epoch 48/50 - 训练损失: 0.0661, 训练准确率: 97.96%, 验证损失: 0.0100, 验证准确率: 99.72%
2025-09-22 05:52:35,329 - INFO - Epoch 49/50 - 训练损失: 0.0740, 训练准确率: 97.78%, 验证损失: 0.0149, 验证准确率: 99.72%
2025-09-22 05:52:35,717 - INFO - Epoch 50/50 - 训练损失: 0.0872, 训练准确率: 97.31%, 验证损失: 0.0108, 验证准确率: 99.72%
2025-09-22 05:52:35,719 - INFO - 训练完成！
2025-09-22 05:52:36,761 - INFO - 训练历史图表已保存到: imgs/bearing_cnn_training_history_12class.png
2025-09-22 05:52:38,615 - INFO - 开始验证集详细分类评估
2025-09-22 05:52:38,695 - INFO - 评估完成 - 损失: 0.0108, 准确率: 99.72%
2025-09-22 05:52:40,435 - INFO - 混淆矩阵已保存到: imgs/confusion_matrix_12class.png
2025-09-22 05:52:46,228 - INFO - 模型参数已保存为 'model/bearing_fault_cnn_12class.pth'
2025-09-22 05:52:46,234 - INFO - 完整模型已保存为 'model/bearing_fault_cnn_12class_full.pth'
2025-09-22 05:52:46,235 - INFO - 轴承故障诊断CNN模型训练完成！
2025-09-22 05:52:46,235 - INFO - 完整日志已保存到: log/training_20250922_055212.log
