2025-09-22 05:46:16,872 - INFO - 开始轴承故障诊断CNN模型训练 - 12分类
2025-09-22 05:46:16,872 - INFO - 配置参数:
2025-09-22 05:46:16,872 - INFO -   数据路径: 数据集\数据集\源域数据集
2025-09-22 05:46:16,872 - INFO -   窗口大小: 4096
2025-09-22 05:46:16,872 - INFO -   重叠比例: 0.5
2025-09-22 05:46:16,873 - INFO -   批次大小: 32
2025-09-22 05:46:16,873 - INFO -   训练轮数: 20
2025-09-22 05:46:16,873 - INFO -   学习率: 0.001
2025-09-22 05:46:16,873 - INFO -   类别数量: 12
2025-09-22 05:46:16,873 - INFO -   类别名称: ['正常', '内圈故障_0007', '内圈故障_0014', '内圈故障_0021', '内圈故障_0028', '滚动体故障_0007', '滚动体故障_0014', '滚动体故障_0021', '滚动体故障_0028', '外圈故障_0007', '外圈故障_0014', '外圈故障_0021']
2025-09-22 05:46:16,900 - INFO - 使用设备: cuda
2025-09-22 05:46:16,900 - INFO - 创建轴承故障诊断CNN模型...
2025-09-22 05:46:16,961 - INFO - 加载轴承振动信号数据...
2025-09-22 05:46:17,435 - INFO - 训练批次数: 51
2025-09-22 05:46:17,435 - INFO - 验证批次数: 6
2025-09-22 05:46:17,435 - INFO - 类别名称: ['正常', '内圈故障_0007', '内圈故障_0014', '内圈故障_0021', '内圈故障_0028', '滚动体故障_0007', '滚动体故障_0014', '滚动体故障_0021', '滚动体故障_0028', '外圈故障_0007', '外圈故障_0021', '外圈故障_0028']
2025-09-22 05:46:17,435 - INFO - 开始训练轴承故障诊断模型...
2025-09-22 05:46:20,539 - INFO - 开始训练，共 20 个epoch
2025-09-22 05:46:20,539 - INFO - 训练批次数: 51
2025-09-22 05:46:20,540 - INFO - 验证批次数: 6
2025-09-22 05:46:21,314 - INFO - Epoch 1/20 - 训练损失: 1.9476, 训练准确率: 27.22%, 验证损失: 1.4300, 验证准确率: 35.56%
2025-09-22 05:46:21,738 - INFO - Epoch 2/20 - 训练损失: 1.0987, 训练准确率: 51.98%, 验证损失: 0.7636, 验证准确率: 65.56%
2025-09-22 05:46:22,159 - INFO - Epoch 3/20 - 训练损失: 0.7012, 训练准确率: 70.37%, 验证损失: 0.4546, 验证准确率: 83.89%
2025-09-22 05:46:22,578 - INFO - Epoch 4/20 - 训练损失: 0.6512, 训练准确率: 71.54%, 验证损失: 0.4153, 验证准确率: 81.67%
2025-09-22 05:46:23,034 - INFO - Epoch 5/20 - 训练损失: 0.5615, 训练准确率: 74.01%, 验证损失: 0.3996, 验证准确率: 76.67%
2025-09-22 05:46:23,485 - INFO - Epoch 6/20 - 训练损失: 0.4395, 训练准确率: 79.57%, 验证损失: 0.3030, 验证准确率: 84.44%
2025-09-22 05:46:23,860 - INFO - Epoch 7/20 - 训练损失: 0.3760, 训练准确率: 83.15%, 验证损失: 0.2048, 验证准确率: 95.56%
2025-09-22 05:46:24,284 - INFO - Epoch 8/20 - 训练损失: 0.2839, 训练准确率: 87.96%, 验证损失: 0.1538, 验证准确率: 92.22%
2025-09-22 05:46:24,668 - INFO - Epoch 9/20 - 训练损失: 0.3140, 训练准确率: 89.44%, 验证损失: 0.1118, 验证准确率: 97.22%
2025-09-22 05:46:25,033 - INFO - Epoch 10/20 - 训练损失: 0.2519, 训练准确率: 90.56%, 验证损失: 0.0949, 验证准确率: 97.78%
2025-09-22 05:46:25,455 - INFO - Epoch 11/20 - 训练损失: 0.1793, 训练准确率: 94.14%, 验证损失: 0.0363, 验证准确率: 100.00%
2025-09-22 05:46:25,923 - INFO - Epoch 12/20 - 训练损失: 0.1419, 训练准确率: 94.94%, 验证损失: 0.0951, 验证准确率: 96.11%
2025-09-22 05:46:26,336 - INFO - Epoch 13/20 - 训练损失: 0.0845, 训练准确率: 97.78%, 验证损失: 0.0091, 验证准确率: 100.00%
2025-09-22 05:46:26,728 - INFO - Epoch 14/20 - 训练损失: 0.0672, 训练准确率: 98.15%, 验证损失: 0.0412, 验证准确率: 98.89%
2025-09-22 05:46:27,158 - INFO - Epoch 15/20 - 训练损失: 0.1575, 训练准确率: 94.75%, 验证损失: 0.0305, 验证准确率: 99.44%
2025-09-22 05:46:27,533 - INFO - Epoch 16/20 - 训练损失: 0.0700, 训练准确率: 98.02%, 验证损失: 0.1104, 验证准确率: 96.67%
2025-09-22 05:46:27,950 - INFO - Epoch 17/20 - 训练损失: 0.1246, 训练准确率: 96.11%, 验证损失: 0.0237, 验证准确率: 100.00%
2025-09-22 05:46:28,369 - INFO - Epoch 18/20 - 训练损失: 0.0732, 训练准确率: 97.72%, 验证损失: 0.0058, 验证准确率: 100.00%
2025-09-22 05:46:28,772 - INFO - Epoch 19/20 - 训练损失: 0.0541, 训练准确率: 98.27%, 验证损失: 0.0030, 验证准确率: 100.00%
2025-09-22 05:46:29,214 - INFO - Epoch 20/20 - 训练损失: 0.0679, 训练准确率: 97.78%, 验证损失: 0.0040, 验证准确率: 100.00%
2025-09-22 05:46:29,216 - INFO - 训练完成！
2025-09-22 05:46:29,216 - ERROR - 训练过程中发生错误: name 'plot_training_history' is not defined
2025-09-22 05:46:29,217 - ERROR - 错误详情: Traceback (most recent call last):
  File "D:\desktop\数学建模\2025\中文ACDEF题\中文赛题ACDEF题\E题\E题\cnn_model_pytorch.py", line 647, in <module>
    plot_training_history(history)
NameError: name 'plot_training_history' is not defined

