2025-09-22 05:48:13,795 - INFO - 开始轴承故障诊断CNN模型训练 - 12分类
2025-09-22 05:48:13,796 - INFO - 配置参数:
2025-09-22 05:48:13,796 - INFO -   数据路径: 数据集\数据集\源域数据集
2025-09-22 05:48:13,796 - INFO -   窗口大小: 4096
2025-09-22 05:48:13,797 - INFO -   重叠比例: 0.5
2025-09-22 05:48:13,797 - INFO -   批次大小: 32
2025-09-22 05:48:13,797 - INFO -   训练轮数: 20
2025-09-22 05:48:13,797 - INFO -   学习率: 0.001
2025-09-22 05:48:13,798 - INFO -   类别数量: 12
2025-09-22 05:48:13,798 - INFO -   类别名称: ['正常', '内圈故障_0007', '内圈故障_0014', '内圈故障_0021', '内圈故障_0028', '滚动体故障_0007', '滚动体故障_0014', '滚动体故障_0021', '滚动体故障_0028', '外圈故障_0007', '外圈故障_0014', '外圈故障_0021']
2025-09-22 05:48:13,821 - INFO - 使用设备: cuda
2025-09-22 05:48:13,821 - INFO - 创建轴承故障诊断CNN模型...
2025-09-22 05:48:13,885 - INFO - 加载轴承振动信号数据...
2025-09-22 05:48:14,331 - INFO - 训练批次数: 51
2025-09-22 05:48:14,331 - INFO - 验证批次数: 6
2025-09-22 05:48:14,331 - INFO - 类别名称: ['正常', '内圈故障_0007', '内圈故障_0014', '内圈故障_0021', '内圈故障_0028', '滚动体故障_0007', '滚动体故障_0014', '滚动体故障_0021', '滚动体故障_0028', '外圈故障_0007', '外圈故障_0021', '外圈故障_0028']
2025-09-22 05:48:14,331 - INFO - 开始训练轴承故障诊断模型...
2025-09-22 05:48:17,196 - INFO - 开始训练，共 20 个epoch
2025-09-22 05:48:17,196 - INFO - 训练批次数: 51
2025-09-22 05:48:17,196 - INFO - 验证批次数: 6
2025-09-22 05:48:17,990 - INFO - Epoch 1/20 - 训练损失: 1.8779, 训练准确率: 23.70%, 验证损失: 1.3240, 验证准确率: 38.89%
2025-09-22 05:48:18,377 - INFO - Epoch 2/20 - 训练损失: 1.1450, 训练准确率: 49.26%, 验证损失: 1.0449, 验证准确率: 53.89%
2025-09-22 05:48:18,748 - INFO - Epoch 3/20 - 训练损失: 0.9446, 训练准确率: 56.48%, 验证损失: 0.7959, 验证准确率: 59.44%
2025-09-22 05:48:19,163 - INFO - Epoch 4/20 - 训练损失: 0.8534, 训练准确率: 61.48%, 验证损失: 0.8046, 验证准确率: 58.33%
2025-09-22 05:48:19,683 - INFO - Epoch 5/20 - 训练损失: 0.6873, 训练准确率: 69.38%, 验证损失: 0.5000, 验证准确率: 79.44%
2025-09-22 05:48:20,142 - INFO - Epoch 6/20 - 训练损失: 0.6358, 训练准确率: 73.52%, 验证损失: 0.4898, 验证准确率: 73.33%
2025-09-22 05:48:20,594 - INFO - Epoch 7/20 - 训练损失: 0.6218, 训练准确率: 72.22%, 验证损失: 0.5924, 验证准确率: 81.11%
2025-09-22 05:48:20,975 - INFO - Epoch 8/20 - 训练损失: 0.4133, 训练准确率: 84.26%, 验证损失: 0.2651, 验证准确率: 92.22%
2025-09-22 05:48:21,424 - INFO - Epoch 9/20 - 训练损失: 0.3016, 训练准确率: 89.75%, 验证损失: 0.1427, 验证准确率: 96.11%
2025-09-22 05:48:21,893 - INFO - Epoch 10/20 - 训练损失: 0.3651, 训练准确率: 85.99%, 验证损失: 0.1542, 验证准确率: 92.22%
2025-09-22 05:48:22,295 - INFO - Epoch 11/20 - 训练损失: 0.2092, 训练准确率: 93.02%, 验证损失: 0.0657, 验证准确率: 98.89%
2025-09-22 05:48:22,678 - INFO - Epoch 12/20 - 训练损失: 0.1848, 训练准确率: 93.70%, 验证损失: 0.1033, 验证准确率: 98.33%
2025-09-22 05:48:23,055 - INFO - Epoch 13/20 - 训练损失: 0.1763, 训练准确率: 93.33%, 验证损失: 0.0508, 验证准确率: 98.89%
2025-09-22 05:48:23,423 - INFO - Epoch 14/20 - 训练损失: 0.1326, 训练准确率: 95.74%, 验证损失: 0.0329, 验证准确率: 99.44%
2025-09-22 05:48:23,835 - INFO - Epoch 15/20 - 训练损失: 0.1190, 训练准确率: 95.49%, 验证损失: 0.0345, 验证准确率: 98.89%
2025-09-22 05:48:24,244 - INFO - Epoch 16/20 - 训练损失: 0.1336, 训练准确率: 95.56%, 验证损失: 0.0411, 验证准确率: 98.89%
2025-09-22 05:48:24,632 - INFO - Epoch 17/20 - 训练损失: 0.0903, 训练准确率: 96.73%, 验证损失: 0.0325, 验证准确率: 99.44%
2025-09-22 05:48:25,012 - INFO - Epoch 18/20 - 训练损失: 0.0960, 训练准确率: 96.79%, 验证损失: 0.0323, 验证准确率: 99.44%
2025-09-22 05:48:25,450 - INFO - Epoch 19/20 - 训练损失: 0.0665, 训练准确率: 97.84%, 验证损失: 0.0353, 验证准确率: 98.33%
2025-09-22 05:48:25,884 - INFO - Epoch 20/20 - 训练损失: 0.1080, 训练准确率: 96.42%, 验证损失: 0.0256, 验证准确率: 99.44%
2025-09-22 05:48:25,886 - INFO - 训练完成！
2025-09-22 05:48:27,005 - INFO - 训练历史图表已保存到: imgs/bearing_cnn_training_history_12class.png
2025-09-22 05:48:29,788 - INFO - 开始验证集详细分类评估
2025-09-22 05:48:29,808 - INFO - 评估完成 - 损失: 0.0256, 准确率: 99.44%
2025-09-22 05:48:31,491 - INFO - 混淆矩阵已保存到: imgs/confusion_matrix_12class.png
2025-09-22 05:48:42,603 - INFO - 模型参数已保存为 'model/bearing_fault_cnn_12class.pth'
2025-09-22 05:48:42,610 - INFO - 完整模型已保存为 'model/bearing_fault_cnn_12class_full.pth'
2025-09-22 05:48:42,610 - INFO - 轴承故障诊断CNN模型训练完成！
2025-09-22 05:48:42,610 - INFO - 完整日志已保存到: log/training_20250922_054813.log
